{"C:\\Users\\Clegivaldo\\Desktop\\QT-Master\\backend\\src\\controllers\\clientController.ts": {"path":"C:\\Users\\Clegivaldo\\Desktop\\QT-Master\\backend\\src\\controllers\\clientController.ts","statementMap":{"0":{"start":{"line":2,"column":0},"end":{"line":2,"column":24}},"1":{"start":{"line":3,"column":0},"end":{"line":3,"column":42}},"2":{"start":{"line":4,"column":0},"end":{"line":4,"column":40}},"3":{"start":{"line":6,"column":0},"end":{"line":6,"column":44}},"4":{"start":{"line":7,"column":0},"end":{"line":7,"column":72}},"5":{"start":{"line":11,"column":27},"end":{"line":22,"column":2}},"6":{"start":{"line":24,"column":27},"end":{"line":24,"column":55}},"7":{"start":{"line":26,"column":20},"end":{"line":32,"column":2}},"8":{"start":{"line":27,"column":47},"end":{"line":27,"column":70}},"9":{"start":{"line":28,"column":48},"end":{"line":28,"column":72}},"10":{"start":{"line":36,"column":4},"end":{"line":98,"column":5}},"11":{"start":{"line":37,"column":57},"end":{"line":37,"column":85}},"12":{"start":{"line":39,"column":19},"end":{"line":39,"column":37}},"13":{"start":{"line":42,"column":20},"end":{"line":48,"column":12}},"14":{"start":{"line":51,"column":31},"end":{"line":67,"column":8}},"15":{"start":{"line":69,"column":25},"end":{"line":69,"column":49}},"16":{"start":{"line":71,"column":6},"end":{"line":84,"column":9}},"17":{"start":{"line":86,"column":6},"end":{"line":92,"column":7}},"18":{"start":{"line":87,"column":8},"end":{"line":90,"column":11}},"19":{"start":{"line":91,"column":8},"end":{"line":91,"column":15}},"20":{"start":{"line":94,"column":6},"end":{"line":94,"column":100}},"21":{"start":{"line":95,"column":6},"end":{"line":97,"column":9}},"22":{"start":{"line":102,"column":4},"end":{"line":154,"column":5}},"23":{"start":{"line":103,"column":17},"end":{"line":103,"column":45}},"24":{"start":{"line":104,"column":6},"end":{"line":104,"column":22}},"25":{"start":{"line":104,"column":15},"end":{"line":104,"column":22}},"26":{"start":{"line":106,"column":21},"end":{"line":136,"column":8}},"27":{"start":{"line":138,"column":6},"end":{"line":143,"column":7}},"28":{"start":{"line":139,"column":8},"end":{"line":141,"column":11}},"29":{"start":{"line":142,"column":8},"end":{"line":142,"column":15}},"30":{"start":{"line":145,"column":6},"end":{"line":148,"column":9}},"31":{"start":{"line":150,"column":6},"end":{"line":150,"column":124}},"32":{"start":{"line":151,"column":6},"end":{"line":153,"column":9}},"33":{"start":{"line":158,"column":4},"end":{"line":234,"column":5}},"34":{"start":{"line":159,"column":28},"end":{"line":159,"column":62}},"35":{"start":{"line":162,"column":25},"end":{"line":173,"column":8}},"36":{"start":{"line":176,"column":6},"end":{"line":187,"column":7}},"37":{"start":{"line":177,"column":31},"end":{"line":179,"column":10}},"38":{"start":{"line":181,"column":8},"end":{"line":186,"column":9}},"39":{"start":{"line":182,"column":10},"end":{"line":184,"column":13}},"40":{"start":{"line":185,"column":10},"end":{"line":185,"column":17}},"41":{"start":{"line":190,"column":6},"end":{"line":201,"column":7}},"42":{"start":{"line":191,"column":31},"end":{"line":193,"column":10}},"43":{"start":{"line":195,"column":8},"end":{"line":200,"column":9}},"44":{"start":{"line":196,"column":10},"end":{"line":198,"column":13}},"45":{"start":{"line":199,"column":10},"end":{"line":199,"column":17}},"46":{"start":{"line":203,"column":21},"end":{"line":205,"column":8}},"47":{"start":{"line":207,"column":6},"end":{"line":207,"column":103}},"48":{"start":{"line":209,"column":6},"end":{"line":212,"column":9}},"49":{"start":{"line":214,"column":6},"end":{"line":220,"column":7}},"50":{"start":{"line":215,"column":8},"end":{"line":218,"column":11}},"51":{"start":{"line":219,"column":8},"end":{"line":219,"column":15}},"52":{"start":{"line":222,"column":6},"end":{"line":228,"column":7}},"53":{"start":{"line":224,"column":23},"end":{"line":224,"column":71}},"54":{"start":{"line":225,"column":22},"end":{"line":225,"column":80}},"55":{"start":{"line":226,"column":8},"end":{"line":226,"column":78}},"56":{"start":{"line":227,"column":8},"end":{"line":227,"column":15}},"57":{"start":{"line":230,"column":6},"end":{"line":230,"column":124}},"58":{"start":{"line":231,"column":6},"end":{"line":233,"column":9}},"59":{"start":{"line":238,"column":4},"end":{"line":353,"column":5}},"60":{"start":{"line":239,"column":17},"end":{"line":239,"column":45}},"61":{"start":{"line":240,"column":6},"end":{"line":240,"column":22}},"62":{"start":{"line":240,"column":15},"end":{"line":240,"column":22}},"63":{"start":{"line":241,"column":28},"end":{"line":241,"column":62}},"64":{"start":{"line":244,"column":29},"end":{"line":246,"column":8}},"65":{"start":{"line":248,"column":6},"end":{"line":253,"column":7}},"66":{"start":{"line":249,"column":8},"end":{"line":251,"column":11}},"67":{"start":{"line":252,"column":8},"end":{"line":252,"column":15}},"68":{"start":{"line":256,"column":30},"end":{"line":256,"column":32}},"69":{"start":{"line":257,"column":6},"end":{"line":259,"column":7}},"70":{"start":{"line":258,"column":8},"end":{"line":258,"column":45}},"71":{"start":{"line":260,"column":6},"end":{"line":262,"column":7}},"72":{"start":{"line":261,"column":8},"end":{"line":261,"column":83}},"73":{"start":{"line":263,"column":6},"end":{"line":265,"column":7}},"74":{"start":{"line":264,"column":8},"end":{"line":264,"column":83}},"75":{"start":{"line":266,"column":6},"end":{"line":268,"column":7}},"76":{"start":{"line":267,"column":8},"end":{"line":267,"column":89}},"77":{"start":{"line":269,"column":6},"end":{"line":271,"column":7}},"78":{"start":{"line":270,"column":8},"end":{"line":270,"column":86}},"79":{"start":{"line":272,"column":6},"end":{"line":274,"column":7}},"80":{"start":{"line":273,"column":8},"end":{"line":273,"column":104}},"81":{"start":{"line":275,"column":6},"end":{"line":277,"column":7}},"82":{"start":{"line":276,"column":8},"end":{"line":276,"column":80}},"83":{"start":{"line":278,"column":6},"end":{"line":280,"column":7}},"84":{"start":{"line":279,"column":8},"end":{"line":279,"column":83}},"85":{"start":{"line":281,"column":6},"end":{"line":283,"column":7}},"86":{"start":{"line":282,"column":8},"end":{"line":282,"column":98}},"87":{"start":{"line":284,"column":6},"end":{"line":286,"column":7}},"88":{"start":{"line":285,"column":8},"end":{"line":285,"column":80}},"89":{"start":{"line":289,"column":6},"end":{"line":303,"column":7}},"90":{"start":{"line":290,"column":28},"end":{"line":295,"column":10}},"91":{"start":{"line":297,"column":8},"end":{"line":302,"column":9}},"92":{"start":{"line":298,"column":10},"end":{"line":300,"column":13}},"93":{"start":{"line":301,"column":10},"end":{"line":301,"column":17}},"94":{"start":{"line":306,"column":6},"end":{"line":320,"column":7}},"95":{"start":{"line":307,"column":27},"end":{"line":312,"column":10}},"96":{"start":{"line":314,"column":8},"end":{"line":319,"column":9}},"97":{"start":{"line":315,"column":10},"end":{"line":317,"column":13}},"98":{"start":{"line":318,"column":10},"end":{"line":318,"column":17}},"99":{"start":{"line":322,"column":21},"end":{"line":325,"column":8}},"100":{"start":{"line":327,"column":6},"end":{"line":327,"column":103}},"101":{"start":{"line":329,"column":6},"end":{"line":332,"column":9}},"102":{"start":{"line":334,"column":6},"end":{"line":340,"column":7}},"103":{"start":{"line":335,"column":8},"end":{"line":338,"column":11}},"104":{"start":{"line":339,"column":8},"end":{"line":339,"column":15}},"105":{"start":{"line":342,"column":6},"end":{"line":347,"column":7}},"106":{"start":{"line":343,"column":23},"end":{"line":343,"column":71}},"107":{"start":{"line":344,"column":22},"end":{"line":344,"column":80}},"108":{"start":{"line":345,"column":8},"end":{"line":345,"column":78}},"109":{"start":{"line":346,"column":8},"end":{"line":346,"column":15}},"110":{"start":{"line":349,"column":6},"end":{"line":349,"column":149}},"111":{"start":{"line":350,"column":6},"end":{"line":352,"column":9}},"112":{"start":{"line":357,"column":4},"end":{"line":408,"column":5}},"113":{"start":{"line":358,"column":17},"end":{"line":358,"column":45}},"114":{"start":{"line":359,"column":6},"end":{"line":359,"column":22}},"115":{"start":{"line":359,"column":15},"end":{"line":359,"column":22}},"116":{"start":{"line":362,"column":29},"end":{"line":372,"column":8}},"117":{"start":{"line":374,"column":6},"end":{"line":379,"column":7}},"118":{"start":{"line":375,"column":8},"end":{"line":377,"column":11}},"119":{"start":{"line":378,"column":8},"end":{"line":378,"column":15}},"120":{"start":{"line":382,"column":6},"end":{"line":391,"column":7}},"121":{"start":{"line":383,"column":8},"end":{"line":389,"column":11}},"122":{"start":{"line":390,"column":8},"end":{"line":390,"column":15}},"123":{"start":{"line":393,"column":6},"end":{"line":395,"column":9}},"124":{"start":{"line":397,"column":6},"end":{"line":397,"column":104}},"125":{"start":{"line":399,"column":6},"end":{"line":402,"column":9}},"126":{"start":{"line":404,"column":6},"end":{"line":404,"column":149}},"127":{"start":{"line":405,"column":6},"end":{"line":407,"column":9}},"128":{"start":{"line":34,"column":0},"end":{"line":34,"column":13}}},"fnMap":{"0":{"name":"(anonymous_0)","decl":{"start":{"line":27,"column":40},"end":{"line":27,"column":43}},"loc":{"start":{"line":27,"column":47},"end":{"line":27,"column":70}}},"1":{"name":"(anonymous_1)","decl":{"start":{"line":28,"column":41},"end":{"line":28,"column":44}},"loc":{"start":{"line":28,"column":48},"end":{"line":28,"column":72}}},"2":{"name":"(anonymous_2)","decl":{"start":{"line":35,"column":2},"end":{"line":35,"column":7}},"loc":{"start":{"line":35,"column":46},"end":{"line":99,"column":3}}},"3":{"name":"(anonymous_3)","decl":{"start":{"line":101,"column":2},"end":{"line":101,"column":7}},"loc":{"start":{"line":101,"column":45},"end":{"line":155,"column":3}}},"4":{"name":"(anonymous_4)","decl":{"start":{"line":157,"column":2},"end":{"line":157,"column":7}},"loc":{"start":{"line":157,"column":61},"end":{"line":235,"column":3}}},"5":{"name":"(anonymous_5)","decl":{"start":{"line":237,"column":2},"end":{"line":237,"column":7}},"loc":{"start":{"line":237,"column":61},"end":{"line":354,"column":3}}},"6":{"name":"(anonymous_6)","decl":{"start":{"line":356,"column":2},"end":{"line":356,"column":7}},"loc":{"start":{"line":356,"column":61},"end":{"line":409,"column":3}}}},"branchMap":{"0":{"loc":{"start":{"line":27,"column":47},"end":{"line":27,"column":70}},"type":"cond-expr","locations":[{"start":{"line":27,"column":53},"end":{"line":27,"column":66}},{"start":{"line":27,"column":69},"end":{"line":27,"column":70}}]},"1":{"loc":{"start":{"line":28,"column":48},"end":{"line":28,"column":72}},"type":"cond-expr","locations":[{"start":{"line":28,"column":54},"end":{"line":28,"column":67}},{"start":{"line":28,"column":70},"end":{"line":28,"column":72}}]},"2":{"loc":{"start":{"line":42,"column":20},"end":{"line":48,"column":12}},"type":"cond-expr","locations":[{"start":{"line":42,"column":29},"end":{"line":48,"column":8}},{"start":{"line":48,"column":10},"end":{"line":48,"column":12}}]},"3":{"loc":{"start":{"line":86,"column":6},"end":{"line":92,"column":7}},"type":"if","locations":[{"start":{"line":86,"column":6},"end":{"line":92,"column":7}},{"start":{},"end":{}}]},"4":{"loc":{"start":{"line":94,"column":50},"end":{"line":94,"column":96}},"type":"cond-expr","locations":[{"start":{"line":94,"column":75},"end":{"line":94,"column":88}},{"start":{"line":94,"column":91},"end":{"line":94,"column":96}}]},"5":{"loc":{"start":{"line":104,"column":6},"end":{"line":104,"column":22}},"type":"if","locations":[{"start":{"line":104,"column":6},"end":{"line":104,"column":22}},{"start":{},"end":{}}]},"6":{"loc":{"start":{"line":138,"column":6},"end":{"line":143,"column":7}},"type":"if","locations":[{"start":{"line":138,"column":6},"end":{"line":143,"column":7}},{"start":{},"end":{}}]},"7":{"loc":{"start":{"line":150,"column":49},"end":{"line":150,"column":95}},"type":"cond-expr","locations":[{"start":{"line":150,"column":74},"end":{"line":150,"column":87}},{"start":{"line":150,"column":90},"end":{"line":150,"column":95}}]},"8":{"loc":{"start":{"line":164,"column":15},"end":{"line":164,"column":42}},"type":"binary-expr","locations":[{"start":{"line":164,"column":15},"end":{"line":164,"column":34}},{"start":{"line":164,"column":38},"end":{"line":164,"column":42}}]},"9":{"loc":{"start":{"line":165,"column":15},"end":{"line":165,"column":42}},"type":"binary-expr","locations":[{"start":{"line":165,"column":15},"end":{"line":165,"column":34}},{"start":{"line":165,"column":38},"end":{"line":165,"column":42}}]},"10":{"loc":{"start":{"line":166,"column":17},"end":{"line":166,"column":46}},"type":"binary-expr","locations":[{"start":{"line":166,"column":17},"end":{"line":166,"column":38}},{"start":{"line":166,"column":42},"end":{"line":166,"column":46}}]},"11":{"loc":{"start":{"line":167,"column":16},"end":{"line":167,"column":44}},"type":"binary-expr","locations":[{"start":{"line":167,"column":16},"end":{"line":167,"column":36}},{"start":{"line":167,"column":40},"end":{"line":167,"column":44}}]},"12":{"loc":{"start":{"line":168,"column":22},"end":{"line":168,"column":56}},"type":"binary-expr","locations":[{"start":{"line":168,"column":22},"end":{"line":168,"column":48}},{"start":{"line":168,"column":52},"end":{"line":168,"column":56}}]},"13":{"loc":{"start":{"line":169,"column":14},"end":{"line":169,"column":40}},"type":"binary-expr","locations":[{"start":{"line":169,"column":14},"end":{"line":169,"column":32}},{"start":{"line":169,"column":36},"end":{"line":169,"column":40}}]},"14":{"loc":{"start":{"line":170,"column":15},"end":{"line":170,"column":42}},"type":"binary-expr","locations":[{"start":{"line":170,"column":15},"end":{"line":170,"column":34}},{"start":{"line":170,"column":38},"end":{"line":170,"column":42}}]},"15":{"loc":{"start":{"line":171,"column":20},"end":{"line":171,"column":52}},"type":"binary-expr","locations":[{"start":{"line":171,"column":20},"end":{"line":171,"column":44}},{"start":{"line":171,"column":48},"end":{"line":171,"column":52}}]},"16":{"loc":{"start":{"line":172,"column":14},"end":{"line":172,"column":40}},"type":"binary-expr","locations":[{"start":{"line":172,"column":14},"end":{"line":172,"column":32}},{"start":{"line":172,"column":36},"end":{"line":172,"column":40}}]},"17":{"loc":{"start":{"line":176,"column":6},"end":{"line":187,"column":7}},"type":"if","locations":[{"start":{"line":176,"column":6},"end":{"line":187,"column":7}},{"start":{},"end":{}}]},"18":{"loc":{"start":{"line":181,"column":8},"end":{"line":186,"column":9}},"type":"if","locations":[{"start":{"line":181,"column":8},"end":{"line":186,"column":9}},{"start":{},"end":{}}]},"19":{"loc":{"start":{"line":190,"column":6},"end":{"line":201,"column":7}},"type":"if","locations":[{"start":{"line":190,"column":6},"end":{"line":201,"column":7}},{"start":{},"end":{}}]},"20":{"loc":{"start":{"line":195,"column":8},"end":{"line":200,"column":9}},"type":"if","locations":[{"start":{"line":195,"column":8},"end":{"line":200,"column":9}},{"start":{},"end":{}}]},"21":{"loc":{"start":{"line":214,"column":6},"end":{"line":220,"column":7}},"type":"if","locations":[{"start":{"line":214,"column":6},"end":{"line":220,"column":7}},{"start":{},"end":{}}]},"22":{"loc":{"start":{"line":222,"column":6},"end":{"line":228,"column":7}},"type":"if","locations":[{"start":{"line":222,"column":6},"end":{"line":228,"column":7}},{"start":{},"end":{}}]},"23":{"loc":{"start":{"line":222,"column":10},"end":{"line":222,"column":89}},"type":"binary-expr","locations":[{"start":{"line":222,"column":10},"end":{"line":222,"column":63}},{"start":{"line":222,"column":67},"end":{"line":222,"column":89}}]},"24":{"loc":{"start":{"line":224,"column":23},"end":{"line":224,"column":71}},"type":"binary-expr","locations":[{"start":{"line":224,"column":24},"end":{"line":224,"column":34}},{"start":{"line":224,"column":39},"end":{"line":224,"column":64}},{"start":{"line":224,"column":69},"end":{"line":224,"column":71}}]},"25":{"loc":{"start":{"line":225,"column":22},"end":{"line":225,"column":80}},"type":"cond-expr","locations":[{"start":{"line":225,"column":46},"end":{"line":225,"column":63}},{"start":{"line":225,"column":66},"end":{"line":225,"column":80}}]},"26":{"loc":{"start":{"line":226,"column":41},"end":{"line":226,"column":57}},"type":"binary-expr","locations":[{"start":{"line":226,"column":41},"end":{"line":226,"column":46}},{"start":{"line":226,"column":50},"end":{"line":226,"column":57}}]},"27":{"loc":{"start":{"line":230,"column":52},"end":{"line":230,"column":98}},"type":"cond-expr","locations":[{"start":{"line":230,"column":77},"end":{"line":230,"column":90}},{"start":{"line":230,"column":93},"end":{"line":230,"column":98}}]},"28":{"loc":{"start":{"line":240,"column":6},"end":{"line":240,"column":22}},"type":"if","locations":[{"start":{"line":240,"column":6},"end":{"line":240,"column":22}},{"start":{},"end":{}}]},"29":{"loc":{"start":{"line":248,"column":6},"end":{"line":253,"column":7}},"type":"if","locations":[{"start":{"line":248,"column":6},"end":{"line":253,"column":7}},{"start":{},"end":{}}]},"30":{"loc":{"start":{"line":257,"column":6},"end":{"line":259,"column":7}},"type":"if","locations":[{"start":{"line":257,"column":6},"end":{"line":259,"column":7}},{"start":{},"end":{}}]},"31":{"loc":{"start":{"line":260,"column":6},"end":{"line":262,"column":7}},"type":"if","locations":[{"start":{"line":260,"column":6},"end":{"line":262,"column":7}},{"start":{},"end":{}}]},"32":{"loc":{"start":{"line":261,"column":27},"end":{"line":261,"column":82}},"type":"cond-expr","locations":[{"start":{"line":261,"column":56},"end":{"line":261,"column":60}},{"start":{"line":261,"column":63},"end":{"line":261,"column":82}}]},"33":{"loc":{"start":{"line":263,"column":6},"end":{"line":265,"column":7}},"type":"if","locations":[{"start":{"line":263,"column":6},"end":{"line":265,"column":7}},{"start":{},"end":{}}]},"34":{"loc":{"start":{"line":264,"column":27},"end":{"line":264,"column":82}},"type":"cond-expr","locations":[{"start":{"line":264,"column":56},"end":{"line":264,"column":60}},{"start":{"line":264,"column":63},"end":{"line":264,"column":82}}]},"35":{"loc":{"start":{"line":266,"column":6},"end":{"line":268,"column":7}},"type":"if","locations":[{"start":{"line":266,"column":6},"end":{"line":268,"column":7}},{"start":{},"end":{}}]},"36":{"loc":{"start":{"line":267,"column":29},"end":{"line":267,"column":88}},"type":"cond-expr","locations":[{"start":{"line":267,"column":60},"end":{"line":267,"column":64}},{"start":{"line":267,"column":67},"end":{"line":267,"column":88}}]},"37":{"loc":{"start":{"line":269,"column":6},"end":{"line":271,"column":7}},"type":"if","locations":[{"start":{"line":269,"column":6},"end":{"line":271,"column":7}},{"start":{},"end":{}}]},"38":{"loc":{"start":{"line":270,"column":28},"end":{"line":270,"column":85}},"type":"cond-expr","locations":[{"start":{"line":270,"column":58},"end":{"line":270,"column":62}},{"start":{"line":270,"column":65},"end":{"line":270,"column":85}}]},"39":{"loc":{"start":{"line":272,"column":6},"end":{"line":274,"column":7}},"type":"if","locations":[{"start":{"line":272,"column":6},"end":{"line":274,"column":7}},{"start":{},"end":{}}]},"40":{"loc":{"start":{"line":273,"column":34},"end":{"line":273,"column":103}},"type":"cond-expr","locations":[{"start":{"line":273,"column":70},"end":{"line":273,"column":74}},{"start":{"line":273,"column":77},"end":{"line":273,"column":103}}]},"41":{"loc":{"start":{"line":275,"column":6},"end":{"line":277,"column":7}},"type":"if","locations":[{"start":{"line":275,"column":6},"end":{"line":277,"column":7}},{"start":{},"end":{}}]},"42":{"loc":{"start":{"line":276,"column":26},"end":{"line":276,"column":79}},"type":"cond-expr","locations":[{"start":{"line":276,"column":54},"end":{"line":276,"column":58}},{"start":{"line":276,"column":61},"end":{"line":276,"column":79}}]},"43":{"loc":{"start":{"line":278,"column":6},"end":{"line":280,"column":7}},"type":"if","locations":[{"start":{"line":278,"column":6},"end":{"line":280,"column":7}},{"start":{},"end":{}}]},"44":{"loc":{"start":{"line":279,"column":27},"end":{"line":279,"column":82}},"type":"cond-expr","locations":[{"start":{"line":279,"column":56},"end":{"line":279,"column":60}},{"start":{"line":279,"column":63},"end":{"line":279,"column":82}}]},"45":{"loc":{"start":{"line":281,"column":6},"end":{"line":283,"column":7}},"type":"if","locations":[{"start":{"line":281,"column":6},"end":{"line":283,"column":7}},{"start":{},"end":{}}]},"46":{"loc":{"start":{"line":282,"column":32},"end":{"line":282,"column":97}},"type":"cond-expr","locations":[{"start":{"line":282,"column":66},"end":{"line":282,"column":70}},{"start":{"line":282,"column":73},"end":{"line":282,"column":97}}]},"47":{"loc":{"start":{"line":284,"column":6},"end":{"line":286,"column":7}},"type":"if","locations":[{"start":{"line":284,"column":6},"end":{"line":286,"column":7}},{"start":{},"end":{}}]},"48":{"loc":{"start":{"line":285,"column":26},"end":{"line":285,"column":79}},"type":"cond-expr","locations":[{"start":{"line":285,"column":54},"end":{"line":285,"column":58}},{"start":{"line":285,"column":61},"end":{"line":285,"column":79}}]},"49":{"loc":{"start":{"line":289,"column":6},"end":{"line":303,"column":7}},"type":"if","locations":[{"start":{"line":289,"column":6},"end":{"line":303,"column":7}},{"start":{},"end":{}}]},"50":{"loc":{"start":{"line":289,"column":10},"end":{"line":289,"column":71}},"type":"binary-expr","locations":[{"start":{"line":289,"column":10},"end":{"line":289,"column":26}},{"start":{"line":289,"column":30},"end":{"line":289,"column":71}}]},"51":{"loc":{"start":{"line":297,"column":8},"end":{"line":302,"column":9}},"type":"if","locations":[{"start":{"line":297,"column":8},"end":{"line":302,"column":9}},{"start":{},"end":{}}]},"52":{"loc":{"start":{"line":306,"column":6},"end":{"line":320,"column":7}},"type":"if","locations":[{"start":{"line":306,"column":6},"end":{"line":320,"column":7}},{"start":{},"end":{}}]},"53":{"loc":{"start":{"line":306,"column":10},"end":{"line":306,"column":68}},"type":"binary-expr","locations":[{"start":{"line":306,"column":10},"end":{"line":306,"column":25}},{"start":{"line":306,"column":29},"end":{"line":306,"column":68}}]},"54":{"loc":{"start":{"line":314,"column":8},"end":{"line":319,"column":9}},"type":"if","locations":[{"start":{"line":314,"column":8},"end":{"line":319,"column":9}},{"start":{},"end":{}}]},"55":{"loc":{"start":{"line":334,"column":6},"end":{"line":340,"column":7}},"type":"if","locations":[{"start":{"line":334,"column":6},"end":{"line":340,"column":7}},{"start":{},"end":{}}]},"56":{"loc":{"start":{"line":342,"column":6},"end":{"line":347,"column":7}},"type":"if","locations":[{"start":{"line":342,"column":6},"end":{"line":347,"column":7}},{"start":{},"end":{}}]},"57":{"loc":{"start":{"line":342,"column":10},"end":{"line":342,"column":89}},"type":"binary-expr","locations":[{"start":{"line":342,"column":10},"end":{"line":342,"column":63}},{"start":{"line":342,"column":67},"end":{"line":342,"column":89}}]},"58":{"loc":{"start":{"line":343,"column":23},"end":{"line":343,"column":71}},"type":"binary-expr","locations":[{"start":{"line":343,"column":24},"end":{"line":343,"column":34}},{"start":{"line":343,"column":39},"end":{"line":343,"column":64}},{"start":{"line":343,"column":69},"end":{"line":343,"column":71}}]},"59":{"loc":{"start":{"line":344,"column":22},"end":{"line":344,"column":80}},"type":"cond-expr","locations":[{"start":{"line":344,"column":46},"end":{"line":344,"column":63}},{"start":{"line":344,"column":66},"end":{"line":344,"column":80}}]},"60":{"loc":{"start":{"line":345,"column":41},"end":{"line":345,"column":57}},"type":"binary-expr","locations":[{"start":{"line":345,"column":41},"end":{"line":345,"column":46}},{"start":{"line":345,"column":50},"end":{"line":345,"column":57}}]},"61":{"loc":{"start":{"line":349,"column":52},"end":{"line":349,"column":98}},"type":"cond-expr","locations":[{"start":{"line":349,"column":77},"end":{"line":349,"column":90}},{"start":{"line":349,"column":93},"end":{"line":349,"column":98}}]},"62":{"loc":{"start":{"line":359,"column":6},"end":{"line":359,"column":22}},"type":"if","locations":[{"start":{"line":359,"column":6},"end":{"line":359,"column":22}},{"start":{},"end":{}}]},"63":{"loc":{"start":{"line":374,"column":6},"end":{"line":379,"column":7}},"type":"if","locations":[{"start":{"line":374,"column":6},"end":{"line":379,"column":7}},{"start":{},"end":{}}]},"64":{"loc":{"start":{"line":382,"column":6},"end":{"line":391,"column":7}},"type":"if","locations":[{"start":{"line":382,"column":6},"end":{"line":391,"column":7}},{"start":{},"end":{}}]},"65":{"loc":{"start":{"line":382,"column":10},"end":{"line":382,"column":84}},"type":"binary-expr","locations":[{"start":{"line":382,"column":10},"end":{"line":382,"column":43}},{"start":{"line":382,"column":47},"end":{"line":382,"column":84}}]},"66":{"loc":{"start":{"line":404,"column":52},"end":{"line":404,"column":98}},"type":"cond-expr","locations":[{"start":{"line":404,"column":77},"end":{"line":404,"column":90}},{"start":{"line":404,"column":93},"end":{"line":404,"column":98}}]}},"s":{"0":2,"1":2,"2":2,"3":2,"4":2,"5":2,"6":2,"7":2,"8":0,"9":0,"10":0,"11":0,"12":0,"13":0,"14":0,"15":0,"16":0,"17":0,"18":0,"19":0,"20":0,"21":0,"22":0,"23":0,"24":0,"25":0,"26":0,"27":0,"28":0,"29":0,"30":0,"31":0,"32":0,"33":3,"34":3,"35":3,"36":3,"37":0,"38":0,"39":0,"40":0,"41":3,"42":3,"43":1,"44":0,"45":0,"46":1,"47":1,"48":1,"49":2,"50":0,"51":0,"52":2,"53":0,"54":0,"55":0,"56":0,"57":2,"58":2,"59":0,"60":0,"61":0,"62":0,"63":0,"64":0,"65":0,"66":0,"67":0,"68":0,"69":0,"70":0,"71":0,"72":0,"73":0,"74":0,"75":0,"76":0,"77":0,"78":0,"79":0,"80":0,"81":0,"82":0,"83":0,"84":0,"85":0,"86":0,"87":0,"88":0,"89":0,"90":0,"91":0,"92":0,"93":0,"94":0,"95":0,"96":0,"97":0,"98":0,"99":0,"100":0,"101":0,"102":0,"103":0,"104":0,"105":0,"106":0,"107":0,"108":0,"109":0,"110":0,"111":0,"112":0,"113":0,"114":0,"115":0,"116":0,"117":0,"118":0,"119":0,"120":0,"121":0,"122":0,"123":0,"124":0,"125":0,"126":0,"127":0,"128":2},"f":{"0":0,"1":0,"2":0,"3":0,"4":3,"5":0,"6":0},"b":{"0":[0,0],"1":[0,0],"2":[0,0],"3":[0,0],"4":[0,0],"5":[0,0],"6":[0,0],"7":[0,0],"8":[3,3],"9":[3,3],"10":[3,3],"11":[3,2],"12":[3,2],"13":[3,2],"14":[3,2],"15":[3,2],"16":[3,0],"17":[0,3],"18":[0,0],"19":[3,0],"20":[0,1],"21":[0,2],"22":[0,2],"23":[2,2],"24":[0,0,0],"25":[0,0],"26":[0,0],"27":[2,0],"28":[0,0],"29":[0,0],"30":[0,0],"31":[0,0],"32":[0,0],"33":[0,0],"34":[0,0],"35":[0,0],"36":[0,0],"37":[0,0],"38":[0,0],"39":[0,0],"40":[0,0],"41":[0,0],"42":[0,0],"43":[0,0],"44":[0,0],"45":[0,0],"46":[0,0],"47":[0,0],"48":[0,0],"49":[0,0],"50":[0,0],"51":[0,0],"52":[0,0],"53":[0,0],"54":[0,0],"55":[0,0],"56":[0,0],"57":[0,0],"58":[0,0,0],"59":[0,0],"60":[0,0],"61":[0,0],"62":[0,0],"63":[0,0],"64":[0,0],"65":[0,0],"66":[0,0]}}
,"C:\\Users\\Clegivaldo\\Desktop\\QT-Master\\backend\\src\\controllers\\templateEditorController.ts": {"path":"C:\\Users\\Clegivaldo\\Desktop\\QT-Master\\backend\\src\\controllers\\templateEditorController.ts","statementMap":{"0":{"start":{"line":2,"column":0},"end":{"line":2,"column":78}},"1":{"start":{"line":3,"column":0},"end":{"line":3,"column":20}},"2":{"start":{"line":4,"column":0},"end":{"line":4,"column":24}},"3":{"start":{"line":6,"column":22},"end":{"line":6,"column":51}},"4":{"start":{"line":60,"column":4},"end":{"line":1634,"column":5}},"5":{"start":{"line":61,"column":25},"end":{"line":1622,"column":8}},"6":{"start":{"line":1624,"column":6},"end":{"line":1624,"column":49}},"7":{"start":{"line":1625,"column":6},"end":{"line":1625,"column":34}},"8":{"start":{"line":1628,"column":6},"end":{"line":1628,"column":57}},"9":{"start":{"line":1629,"column":6},"end":{"line":1633,"column":9}},"10":{"start":{"line":1641,"column":4},"end":{"line":1732,"column":5}},"11":{"start":{"line":1642,"column":45},"end":{"line":1642,"column":53}},"12":{"start":{"line":1644,"column":6},"end":{"line":1649,"column":7}},"13":{"start":{"line":1645,"column":8},"end":{"line":1648,"column":11}},"14":{"start":{"line":1652,"column":19},"end":{"line":1652,"column":79}},"15":{"start":{"line":1654,"column":6},"end":{"line":1723,"column":7}},"16":{"start":{"line":1656,"column":26},"end":{"line":1656,"column":71}},"17":{"start":{"line":1658,"column":8},"end":{"line":1658,"column":57}},"18":{"start":{"line":1659,"column":8},"end":{"line":1659,"column":88}},"19":{"start":{"line":1660,"column":8},"end":{"line":1660,"column":58}},"20":{"start":{"line":1662,"column":8},"end":{"line":1662,"column":35}},"21":{"start":{"line":1664,"column":8},"end":{"line":1664,"column":73}},"22":{"start":{"line":1667,"column":28},"end":{"line":1719,"column":10}},"23":{"start":{"line":1721,"column":8},"end":{"line":1721,"column":51}},"24":{"start":{"line":1722,"column":8},"end":{"line":1722,"column":37}},"25":{"start":{"line":1726,"column":6},"end":{"line":1726,"column":55}},"26":{"start":{"line":1727,"column":6},"end":{"line":1731,"column":9}},"27":{"start":{"line":1739,"column":25},"end":{"line":1762,"column":17}},"28":{"start":{"line":1740,"column":21},"end":{"line":1742,"column":19}},"29":{"start":{"line":1741,"column":31},"end":{"line":1741,"column":90}},"30":{"start":{"line":1744,"column":6},"end":{"line":1761,"column":7}},"31":{"start":{"line":1746,"column":10},"end":{"line":1746,"column":67}},"32":{"start":{"line":1748,"column":10},"end":{"line":1748,"column":65}},"33":{"start":{"line":1750,"column":10},"end":{"line":1750,"column":156}},"34":{"start":{"line":1752,"column":10},"end":{"line":1752,"column":130}},"35":{"start":{"line":1754,"column":10},"end":{"line":1754,"column":130}},"36":{"start":{"line":1756,"column":10},"end":{"line":1756,"column":131}},"37":{"start":{"line":1758,"column":10},"end":{"line":1758,"column":186}},"38":{"start":{"line":1760,"column":10},"end":{"line":1760,"column":67}},"39":{"start":{"line":1764,"column":4},"end":{"line":1791,"column":6}},"40":{"start":{"line":1798,"column":4},"end":{"line":1840,"column":5}},"41":{"start":{"line":1799,"column":25},"end":{"line":1799,"column":80}},"42":{"start":{"line":1800,"column":24},"end":{"line":1800,"column":59}},"43":{"start":{"line":1802,"column":6},"end":{"line":1831,"column":7}},"44":{"start":{"line":1803,"column":29},"end":{"line":1803,"column":76}},"45":{"start":{"line":1804,"column":8},"end":{"line":1807,"column":11}},"46":{"start":{"line":1810,"column":22},"end":{"line":1811,"column":null}},"47":{"start":{"line":1811,"column":10},"end":{"line":1811,"column":81}},"48":{"start":{"line":1814,"column":27},"end":{"line":1825,"column":10}},"49":{"start":{"line":1815,"column":41},"end":{"line":1821,"column":12}},"50":{"start":{"line":1827,"column":8},"end":{"line":1830,"column":11}},"51":{"start":{"line":1834,"column":6},"end":{"line":1834,"column":58}},"52":{"start":{"line":1835,"column":6},"end":{"line":1839,"column":9}},"53":{"start":{"line":1847,"column":4},"end":{"line":1899,"column":5}},"54":{"start":{"line":1848,"column":45},"end":{"line":1848,"column":53}},"55":{"start":{"line":1850,"column":6},"end":{"line":1855,"column":7}},"56":{"start":{"line":1851,"column":8},"end":{"line":1854,"column":11}},"57":{"start":{"line":1858,"column":27},"end":{"line":1858,"column":75}},"58":{"start":{"line":1859,"column":6},"end":{"line":1861,"column":7}},"59":{"start":{"line":1860,"column":8},"end":{"line":1860,"column":56}},"60":{"start":{"line":1864,"column":27},"end":{"line":1864,"column":87}},"61":{"start":{"line":1865,"column":23},"end":{"line":1865,"column":109}},"62":{"start":{"line":1866,"column":27},"end":{"line":1866,"column":69}},"63":{"start":{"line":1868,"column":6},"end":{"line":1868,"column":51}},"64":{"start":{"line":1871,"column":25},"end":{"line":1871,"column":68}},"65":{"start":{"line":1872,"column":6},"end":{"line":1872,"column":76}},"66":{"start":{"line":1875,"column":6},"end":{"line":1879,"column":7}},"67":{"start":{"line":1876,"column":8},"end":{"line":1876,"column":56}},"68":{"start":{"line":1878,"column":8},"end":{"line":1878,"column":86}},"69":{"start":{"line":1881,"column":6},"end":{"line":1890,"column":9}},"70":{"start":{"line":1893,"column":6},"end":{"line":1893,"column":57}},"71":{"start":{"line":1894,"column":6},"end":{"line":1898,"column":9}},"72":{"start":{"line":55,"column":0},"end":{"line":55,"column":13}}},"fnMap":{"0":{"name":"(anonymous_1)","decl":{"start":{"line":59,"column":2},"end":{"line":59,"column":8}},"loc":{"start":{"line":59,"column":52},"end":{"line":1635,"column":3}}},"1":{"name":"(anonymous_2)","decl":{"start":{"line":1640,"column":2},"end":{"line":1640,"column":8}},"loc":{"start":{"line":1640,"column":58},"end":{"line":1733,"column":3}}},"2":{"name":"(anonymous_3)","decl":{"start":{"line":1738,"column":10},"end":{"line":1738,"column":16}},"loc":{"start":{"line":1738,"column":59},"end":{"line":1792,"column":3}}},"3":{"name":"(anonymous_4)","decl":{"start":{"line":1739,"column":45},"end":{"line":1739,"column":52}},"loc":{"start":{"line":1739,"column":55},"end":{"line":1762,"column":5}}},"4":{"name":"(anonymous_5)","decl":{"start":{"line":1741,"column":13},"end":{"line":1741,"column":14}},"loc":{"start":{"line":1741,"column":31},"end":{"line":1741,"column":90}}},"5":{"name":"(anonymous_6)","decl":{"start":{"line":1797,"column":2},"end":{"line":1797,"column":8}},"loc":{"start":{"line":1797,"column":58},"end":{"line":1841,"column":3}}},"6":{"name":"(anonymous_7)","decl":{"start":{"line":1810,"column":56},"end":{"line":1810,"column":60}},"loc":{"start":{"line":1811,"column":10},"end":{"line":1811,"column":81}}},"7":{"name":"(anonymous_8)","decl":{"start":{"line":1815,"column":28},"end":{"line":1815,"column":36}},"loc":{"start":{"line":1815,"column":41},"end":{"line":1821,"column":12}}},"8":{"name":"(anonymous_9)","decl":{"start":{"line":1846,"column":2},"end":{"line":1846,"column":8}},"loc":{"start":{"line":1846,"column":55},"end":{"line":1900,"column":3}}}},"branchMap":{"0":{"loc":{"start":{"line":1632,"column":17},"end":{"line":1632,"column":77}},"type":"cond-expr","locations":[{"start":{"line":1632,"column":42},"end":{"line":1632,"column":55}},{"start":{"line":1632,"column":58},"end":{"line":1632,"column":77}}]},"1":{"loc":{"start":{"line":1644,"column":6},"end":{"line":1649,"column":7}},"type":"if","locations":[{"start":{"line":1644,"column":6},"end":{"line":1649,"column":7}},{"start":{},"end":{}}]},"2":{"loc":{"start":{"line":1644,"column":10},"end":{"line":1644,"column":53}},"type":"binary-expr","locations":[{"start":{"line":1644,"column":10},"end":{"line":1644,"column":25}},{"start":{"line":1644,"column":29},"end":{"line":1644,"column":53}}]},"3":{"loc":{"start":{"line":1730,"column":17},"end":{"line":1730,"column":77}},"type":"cond-expr","locations":[{"start":{"line":1730,"column":42},"end":{"line":1730,"column":55}},{"start":{"line":1730,"column":58},"end":{"line":1730,"column":77}}]},"4":{"loc":{"start":{"line":1744,"column":6},"end":{"line":1761,"column":7}},"type":"switch","locations":[{"start":{"line":1745,"column":8},"end":{"line":1746,"column":67}},{"start":{"line":1747,"column":8},"end":{"line":1748,"column":65}},{"start":{"line":1749,"column":8},"end":{"line":1750,"column":156}},{"start":{"line":1751,"column":8},"end":{"line":1752,"column":130}},{"start":{"line":1753,"column":8},"end":{"line":1754,"column":130}},{"start":{"line":1755,"column":8},"end":{"line":1756,"column":131}},{"start":{"line":1757,"column":8},"end":{"line":1758,"column":186}},{"start":{"line":1759,"column":8},"end":{"line":1760,"column":67}}]},"5":{"loc":{"start":{"line":1773,"column":27},"end":{"line":1773,"column":80}},"type":"binary-expr","locations":[{"start":{"line":1773,"column":27},"end":{"line":1773,"column":57}},{"start":{"line":1773,"column":61},"end":{"line":1773,"column":80}}]},"6":{"loc":{"start":{"line":1774,"column":32},"end":{"line":1774,"column":80}},"type":"binary-expr","locations":[{"start":{"line":1774,"column":32},"end":{"line":1774,"column":67}},{"start":{"line":1774,"column":71},"end":{"line":1774,"column":80}}]},"7":{"loc":{"start":{"line":1775,"column":22},"end":{"line":1775,"column":64}},"type":"binary-expr","locations":[{"start":{"line":1775,"column":22},"end":{"line":1775,"column":54}},{"start":{"line":1775,"column":58},"end":{"line":1775,"column":64}}]},"8":{"loc":{"start":{"line":1775,"column":68},"end":{"line":1775,"column":112}},"type":"binary-expr","locations":[{"start":{"line":1775,"column":68},"end":{"line":1775,"column":102}},{"start":{"line":1775,"column":106},"end":{"line":1775,"column":112}}]},"9":{"loc":{"start":{"line":1775,"column":116},"end":{"line":1775,"column":161}},"type":"binary-expr","locations":[{"start":{"line":1775,"column":116},"end":{"line":1775,"column":151}},{"start":{"line":1775,"column":155},"end":{"line":1775,"column":161}}]},"10":{"loc":{"start":{"line":1775,"column":165},"end":{"line":1775,"column":208}},"type":"binary-expr","locations":[{"start":{"line":1775,"column":165},"end":{"line":1775,"column":198}},{"start":{"line":1775,"column":202},"end":{"line":1775,"column":208}}]},"11":{"loc":{"start":{"line":1782,"column":20},"end":{"line":1782,"column":56}},"type":"binary-expr","locations":[{"start":{"line":1782,"column":20},"end":{"line":1782,"column":48}},{"start":{"line":1782,"column":52},"end":{"line":1782,"column":56}}]},"12":{"loc":{"start":{"line":1783,"column":22},"end":{"line":1783,"column":64}},"type":"binary-expr","locations":[{"start":{"line":1783,"column":22},"end":{"line":1783,"column":54}},{"start":{"line":1783,"column":58},"end":{"line":1783,"column":64}}]},"13":{"loc":{"start":{"line":1783,"column":68},"end":{"line":1783,"column":112}},"type":"binary-expr","locations":[{"start":{"line":1783,"column":68},"end":{"line":1783,"column":102}},{"start":{"line":1783,"column":106},"end":{"line":1783,"column":112}}]},"14":{"loc":{"start":{"line":1783,"column":116},"end":{"line":1783,"column":161}},"type":"binary-expr","locations":[{"start":{"line":1783,"column":116},"end":{"line":1783,"column":151}},{"start":{"line":1783,"column":155},"end":{"line":1783,"column":161}}]},"15":{"loc":{"start":{"line":1783,"column":165},"end":{"line":1783,"column":208}},"type":"binary-expr","locations":[{"start":{"line":1783,"column":165},"end":{"line":1783,"column":198}},{"start":{"line":1783,"column":202},"end":{"line":1783,"column":208}}]},"16":{"loc":{"start":{"line":1802,"column":6},"end":{"line":1831,"column":7}},"type":"if","locations":[{"start":{"line":1802,"column":6},"end":{"line":1831,"column":7}},{"start":{"line":1808,"column":13},"end":{"line":1831,"column":7}}]},"17":{"loc":{"start":{"line":1811,"column":10},"end":{"line":1811,"column":81}},"type":"binary-expr","locations":[{"start":{"line":1811,"column":10},"end":{"line":1811,"column":31}},{"start":{"line":1811,"column":35},"end":{"line":1811,"column":56}},{"start":{"line":1811,"column":60},"end":{"line":1811,"column":81}}]},"18":{"loc":{"start":{"line":1838,"column":17},"end":{"line":1838,"column":77}},"type":"cond-expr","locations":[{"start":{"line":1838,"column":42},"end":{"line":1838,"column":55}},{"start":{"line":1838,"column":58},"end":{"line":1838,"column":77}}]},"19":{"loc":{"start":{"line":1850,"column":6},"end":{"line":1855,"column":7}},"type":"if","locations":[{"start":{"line":1850,"column":6},"end":{"line":1855,"column":7}},{"start":{},"end":{}}]},"20":{"loc":{"start":{"line":1850,"column":10},"end":{"line":1850,"column":49}},"type":"binary-expr","locations":[{"start":{"line":1850,"column":10},"end":{"line":1850,"column":25}},{"start":{"line":1850,"column":29},"end":{"line":1850,"column":49}}]},"21":{"loc":{"start":{"line":1859,"column":6},"end":{"line":1861,"column":7}},"type":"if","locations":[{"start":{"line":1859,"column":6},"end":{"line":1861,"column":7}},{"start":{},"end":{}}]},"22":{"loc":{"start":{"line":1897,"column":17},"end":{"line":1897,"column":77}},"type":"cond-expr","locations":[{"start":{"line":1897,"column":42},"end":{"line":1897,"column":55}},{"start":{"line":1897,"column":58},"end":{"line":1897,"column":77}}]}},"s":{"0":2,"1":2,"2":2,"3":2,"4":10,"5":10,"6":10,"7":10,"8":1,"9":1,"10":7,"11":7,"12":7,"13":2,"14":5,"15":4,"16":4,"17":4,"18":4,"19":4,"20":0,"21":4,"22":4,"23":4,"24":4,"25":1,"26":1,"27":19,"28":153,"29":450,"30":153,"31":117,"32":14,"33":14,"34":2,"35":2,"36":2,"37":2,"38":0,"39":19,"40":6,"41":6,"42":6,"43":6,"44":2,"45":2,"46":4,"47":10,"48":3,"49":7,"50":3,"51":1,"52":1,"53":10,"54":10,"55":10,"56":2,"57":8,"58":8,"59":3,"60":7,"61":7,"62":7,"63":7,"64":5,"65":5,"66":5,"67":5,"68":0,"69":5,"70":3,"71":3,"72":2},"f":{"0":10,"1":7,"2":19,"3":153,"4":450,"5":6,"6":10,"7":7,"8":10},"b":{"0":[1,0],"1":[2,5],"2":[7,6],"3":[1,0],"4":[117,14,14,2,2,2,2,0],"5":[19,0],"6":[19,0],"7":[19,0],"8":[19,0],"9":[19,0],"10":[19,0],"11":[19,0],"12":[19,0],"13":[19,0],"14":[19,0],"15":[19,0],"16":[2,4],"17":[10,5,4],"18":[1,0],"19":[2,8],"20":[10,10],"21":[3,5],"22":[3,0]}}
,"C:\\Users\\Clegivaldo\\Desktop\\QT-Master\\backend\\src\\lib\\prisma.ts": {"path":"C:\\Users\\Clegivaldo\\Desktop\\QT-Master\\backend\\src\\lib\\prisma.ts","statementMap":{"0":{"start":{"line":1,"column":0},"end":{"line":1,"column":46}},"1":{"start":{"line":3,"column":24},"end":{"line":3,"column":null}},"2":{"start":{"line":7,"column":13},"end":{"line":9,"column":3}},"3":{"start":{"line":11,"column":0},"end":{"line":11,"column":75}},"4":{"start":{"line":11,"column":43},"end":{"line":11,"column":75}}},"fnMap":{},"branchMap":{"0":{"loc":{"start":{"line":7,"column":22},"end":{"line":9,"column":2}},"type":"binary-expr","locations":[{"start":{"line":7,"column":22},"end":{"line":7,"column":44}},{"start":{"line":7,"column":48},"end":{"line":9,"column":2}}]},"1":{"loc":{"start":{"line":8,"column":7},"end":{"line":8,"column":86}},"type":"cond-expr","locations":[{"start":{"line":8,"column":48},"end":{"line":8,"column":74}},{"start":{"line":8,"column":77},"end":{"line":8,"column":86}}]},"2":{"loc":{"start":{"line":11,"column":0},"end":{"line":11,"column":75}},"type":"if","locations":[{"start":{"line":11,"column":0},"end":{"line":11,"column":75}},{"start":{},"end":{}}]}},"s":{"0":2,"1":2,"2":2,"3":2,"4":2},"f":{},"b":{"0":[2,2],"1":[0,2],"2":[2,0]}}
,"C:\\Users\\Clegivaldo\\Desktop\\QT-Master\\backend\\src\\services\\reportGenerationService.ts": {"path":"C:\\Users\\Clegivaldo\\Desktop\\QT-Master\\backend\\src\\services\\reportGenerationService.ts","statementMap":{"0":{"start":{"line":1,"column":0},"end":{"line":1,"column":34}},"1":{"start":{"line":2,"column":0},"end":{"line":2,"column":52}},"2":{"start":{"line":3,"column":0},"end":{"line":3,"column":46}},"3":{"start":{"line":5,"column":15},"end":{"line":5,"column":33}},"4":{"start":{"line":63,"column":4},"end":{"line":63,"column":49}},"5":{"start":{"line":71,"column":23},"end":{"line":71,"column":61}},"6":{"start":{"line":74,"column":22},"end":{"line":74,"column":66}},"7":{"start":{"line":77,"column":25},"end":{"line":77,"column":88}},"8":{"start":{"line":80,"column":17},"end":{"line":80,"column":80}},"9":{"start":{"line":83,"column":4},"end":{"line":83,"column":42}},"10":{"start":{"line":90,"column":23},"end":{"line":117,"column":6}},"11":{"start":{"line":119,"column":4},"end":{"line":121,"column":5}},"12":{"start":{"line":120,"column":6},"end":{"line":120,"column":50}},"13":{"start":{"line":123,"column":4},"end":{"line":173,"column":6}},"14":{"start":{"line":150,"column":54},"end":{"line":158,"column":8}},"15":{"start":{"line":159,"column":51},"end":{"line":168,"column":8}},"16":{"start":{"line":180,"column":28},"end":{"line":189,"column":6}},"17":{"start":{"line":181,"column":34},"end":{"line":181,"column":69}},"18":{"start":{"line":184,"column":34},"end":{"line":184,"column":47}},"19":{"start":{"line":191,"column":25},"end":{"line":191,"column":96}},"20":{"start":{"line":191,"column":48},"end":{"line":191,"column":95}},"21":{"start":{"line":192,"column":30},"end":{"line":201,"column":12}},"22":{"start":{"line":193,"column":36},"end":{"line":193,"column":71}},"23":{"start":{"line":196,"column":36},"end":{"line":196,"column":47}},"24":{"start":{"line":203,"column":4},"end":{"line":206,"column":6}},"25":{"start":{"line":213,"column":18},"end":{"line":213,"column":22}},"26":{"start":{"line":215,"column":4},"end":{"line":279,"column":5}},"27":{"start":{"line":217,"column":6},"end":{"line":237,"column":9}},"28":{"start":{"line":239,"column":19},"end":{"line":239,"column":42}},"29":{"start":{"line":242,"column":6},"end":{"line":242,"column":36}},"30":{"start":{"line":243,"column":6},"end":{"line":243,"column":46}},"31":{"start":{"line":246,"column":6},"end":{"line":249,"column":9}},"32":{"start":{"line":252,"column":6},"end":{"line":252,"column":37}},"33":{"start":{"line":254,"column":24},"end":{"line":264,"column":8}},"34":{"start":{"line":266,"column":6},"end":{"line":266,"column":23}},"35":{"start":{"line":268,"column":22},"end":{"line":268,"column":76}},"36":{"start":{"line":269,"column":6},"end":{"line":269,"column":58}},"37":{"start":{"line":270,"column":6},"end":{"line":270,"column":60}},"38":{"start":{"line":272,"column":6},"end":{"line":278,"column":7}},"39":{"start":{"line":273,"column":8},"end":{"line":277,"column":9}},"40":{"start":{"line":274,"column":10},"end":{"line":274,"column":32}},"41":{"start":{"line":276,"column":10},"end":{"line":276,"column":65}},"42":{"start":{"line":59,"column":0},"end":{"line":59,"column":13}}},"fnMap":{"0":{"name":"(anonymous_1)","decl":{"start":{"line":62,"column":2},"end":{"line":62,"column":null}},"loc":{"start":{"line":62,"column":2},"end":{"line":64,"column":3}}},"1":{"name":"(anonymous_2)","decl":{"start":{"line":69,"column":2},"end":{"line":69,"column":7}},"loc":{"start":{"line":69,"column":84},"end":{"line":84,"column":3}}},"2":{"name":"(anonymous_3)","decl":{"start":{"line":89,"column":10},"end":{"line":89,"column":15}},"loc":{"start":{"line":89,"column":50},"end":{"line":174,"column":3}}},"3":{"name":"(anonymous_4)","decl":{"start":{"line":150,"column":47},"end":{"line":150,"column":49}},"loc":{"start":{"line":150,"column":54},"end":{"line":158,"column":8}}},"4":{"name":"(anonymous_5)","decl":{"start":{"line":159,"column":44},"end":{"line":159,"column":46}},"loc":{"start":{"line":159,"column":51},"end":{"line":168,"column":8}}},"5":{"name":"(anonymous_6)","decl":{"start":{"line":179,"column":2},"end":{"line":179,"column":18}},"loc":{"start":{"line":179,"column":55},"end":{"line":207,"column":3}}},"6":{"name":"(anonymous_7)","decl":{"start":{"line":181,"column":29},"end":{"line":181,"column":30}},"loc":{"start":{"line":181,"column":34},"end":{"line":181,"column":69}}},"7":{"name":"(anonymous_8)","decl":{"start":{"line":184,"column":29},"end":{"line":184,"column":30}},"loc":{"start":{"line":184,"column":34},"end":{"line":184,"column":47}}},"8":{"name":"(anonymous_9)","decl":{"start":{"line":191,"column":43},"end":{"line":191,"column":44}},"loc":{"start":{"line":191,"column":48},"end":{"line":191,"column":95}}},"9":{"name":"(anonymous_10)","decl":{"start":{"line":193,"column":31},"end":{"line":193,"column":32}},"loc":{"start":{"line":193,"column":36},"end":{"line":193,"column":71}}},"10":{"name":"(anonymous_11)","decl":{"start":{"line":196,"column":31},"end":{"line":196,"column":32}},"loc":{"start":{"line":196,"column":36},"end":{"line":196,"column":47}}},"11":{"name":"(anonymous_12)","decl":{"start":{"line":212,"column":2},"end":{"line":212,"column":7}},"loc":{"start":{"line":212,"column":40},"end":{"line":280,"column":3}}}},"branchMap":{"0":{"loc":{"start":{"line":69,"column":45},"end":{"line":69,"column":84}},"type":"default-arg","locations":[{"start":{"line":69,"column":68},"end":{"line":69,"column":84}}]},"1":{"loc":{"start":{"line":119,"column":4},"end":{"line":121,"column":5}},"type":"if","locations":[{"start":{"line":119,"column":4},"end":{"line":121,"column":5}},{"start":{},"end":{}}]},"2":{"loc":{"start":{"line":191,"column":48},"end":{"line":191,"column":95}},"type":"binary-expr","locations":[{"start":{"line":191,"column":48},"end":{"line":191,"column":67}},{"start":{"line":191,"column":71},"end":{"line":191,"column":95}}]},"3":{"loc":{"start":{"line":192,"column":30},"end":{"line":201,"column":12}},"type":"cond-expr","locations":[{"start":{"line":192,"column":56},"end":{"line":201,"column":6}},{"start":{"line":201,"column":8},"end":{"line":201,"column":12}}]},"4":{"loc":{"start":{"line":205,"column":21},"end":{"line":205,"column":81}},"type":"cond-expr","locations":[{"start":{"line":205,"column":41},"end":{"line":205,"column":74}},{"start":{"line":205,"column":77},"end":{"line":205,"column":81}}]},"5":{"loc":{"start":{"line":268,"column":22},"end":{"line":268,"column":76}},"type":"cond-expr","locations":[{"start":{"line":268,"column":47},"end":{"line":268,"column":60}},{"start":{"line":268,"column":63},"end":{"line":268,"column":76}}]},"6":{"loc":{"start":{"line":272,"column":6},"end":{"line":278,"column":7}},"type":"if","locations":[{"start":{"line":272,"column":6},"end":{"line":278,"column":7}},{"start":{},"end":{}}]}},"s":{"0":1,"1":1,"2":1,"3":1,"4":18,"5":0,"6":0,"7":0,"8":0,"9":0,"10":0,"11":0,"12":0,"13":0,"14":0,"15":0,"16":0,"17":0,"18":0,"19":0,"20":0,"21":0,"22":0,"23":0,"24":0,"25":18,"26":18,"27":18,"28":17,"29":16,"30":16,"31":16,"32":14,"33":14,"34":13,"35":5,"36":5,"37":5,"38":18,"39":17,"40":17,"41":1,"42":1},"f":{"0":18,"1":0,"2":0,"3":0,"4":0,"5":0,"6":0,"7":0,"8":0,"9":0,"10":0,"11":18},"b":{"0":[0],"1":[0,0],"2":[0,0],"3":[0,0],"4":[0,0],"5":[5,0],"6":[17,1]}}
,"C:\\Users\\Clegivaldo\\Desktop\\QT-Master\\backend\\src\\services\\templateService.ts": {"path":"C:\\Users\\Clegivaldo\\Desktop\\QT-Master\\backend\\src\\services\\templateService.ts","statementMap":{"0":{"start":{"line":1,"column":0},"end":{"line":1,"column":36}},"1":{"start":{"line":2,"column":0},"end":{"line":2,"column":20}},"2":{"start":{"line":3,"column":0},"end":{"line":3,"column":24}},"3":{"start":{"line":7,"column":10},"end":{"line":7,"column":73}},"4":{"start":{"line":10,"column":4},"end":{"line":10,"column":27}},"5":{"start":{"line":11,"column":4},"end":{"line":11,"column":25}},"6":{"start":{"line":19,"column":4},"end":{"line":21,"column":7}},"7":{"start":{"line":20,"column":6},"end":{"line":20,"column":46}},"8":{"start":{"line":24,"column":4},"end":{"line":26,"column":7}},"9":{"start":{"line":25,"column":6},"end":{"line":25,"column":42}},"10":{"start":{"line":29,"column":4},"end":{"line":31,"column":7}},"11":{"start":{"line":30,"column":6},"end":{"line":30,"column":38}},"12":{"start":{"line":34,"column":4},"end":{"line":36,"column":7}},"13":{"start":{"line":35,"column":6},"end":{"line":35,"column":21}},"14":{"start":{"line":39,"column":4},"end":{"line":41,"column":7}},"15":{"start":{"line":40,"column":6},"end":{"line":40,"column":51}},"16":{"start":{"line":48,"column":25},"end":{"line":48,"column":62}},"17":{"start":{"line":50,"column":4},"end":{"line":52,"column":5}},"18":{"start":{"line":51,"column":6},"end":{"line":51,"column":54}},"19":{"start":{"line":54,"column":26},"end":{"line":55,"column":44}},"20":{"start":{"line":55,"column":22},"end":{"line":55,"column":43}},"21":{"start":{"line":57,"column":4},"end":{"line":63,"column":7}},"22":{"start":{"line":58,"column":27},"end":{"line":58,"column":54}},"23":{"start":{"line":59,"column":27},"end":{"line":59,"column":56}},"24":{"start":{"line":60,"column":30},"end":{"line":60,"column":68}},"25":{"start":{"line":62,"column":6},"end":{"line":62,"column":76}},"26":{"start":{"line":65,"column":4},"end":{"line":65,"column":70}},"27":{"start":{"line":72,"column":21},"end":{"line":72,"column":53}},"28":{"start":{"line":74,"column":4},"end":{"line":76,"column":5}},"29":{"start":{"line":75,"column":6},"end":{"line":75,"column":67}},"30":{"start":{"line":78,"column":4},"end":{"line":78,"column":26}},"31":{"start":{"line":89,"column":29},"end":{"line":89,"column":63}},"32":{"start":{"line":91,"column":4},"end":{"line":99,"column":6}},"33":{"start":{"line":106,"column":4},"end":{"line":106,"column":45}},"34":{"start":{"line":113,"column":4},"end":{"line":113,"column":27}},"35":{"start":{"line":114,"column":4},"end":{"line":114,"column":25}},"36":{"start":{"line":6,"column":0},"end":{"line":6,"column":13}}},"fnMap":{"0":{"name":"(anonymous_1)","decl":{"start":{"line":9,"column":2},"end":{"line":9,"column":null}},"loc":{"start":{"line":9,"column":2},"end":{"line":12,"column":3}}},"1":{"name":"(anonymous_2)","decl":{"start":{"line":17,"column":10},"end":{"line":17,"column":25}},"loc":{"start":{"line":17,"column":25},"end":{"line":42,"column":3}}},"2":{"name":"(anonymous_3)","decl":{"start":{"line":19,"column":44},"end":{"line":19,"column":45}},"loc":{"start":{"line":19,"column":59},"end":{"line":21,"column":5}}},"3":{"name":"(anonymous_4)","decl":{"start":{"line":24,"column":48},"end":{"line":24,"column":49}},"loc":{"start":{"line":24,"column":63},"end":{"line":26,"column":5}}},"4":{"name":"(anonymous_5)","decl":{"start":{"line":29,"column":46},"end":{"line":29,"column":47}},"loc":{"start":{"line":29,"column":87},"end":{"line":31,"column":5}}},"5":{"name":"(anonymous_6)","decl":{"start":{"line":34,"column":36},"end":{"line":34,"column":37}},"loc":{"start":{"line":34,"column":55},"end":{"line":36,"column":5}}},"6":{"name":"(anonymous_7)","decl":{"start":{"line":39,"column":40},"end":{"line":39,"column":41}},"loc":{"start":{"line":39,"column":55},"end":{"line":41,"column":5}}},"7":{"name":"(anonymous_8)","decl":{"start":{"line":47,"column":10},"end":{"line":47,"column":23}},"loc":{"start":{"line":47,"column":23},"end":{"line":66,"column":3}}},"8":{"name":"(anonymous_9)","decl":{"start":{"line":55,"column":14},"end":{"line":55,"column":18}},"loc":{"start":{"line":55,"column":22},"end":{"line":55,"column":43}}},"9":{"name":"(anonymous_10)","decl":{"start":{"line":57,"column":26},"end":{"line":57,"column":30}},"loc":{"start":{"line":57,"column":33},"end":{"line":63,"column":5}}},"10":{"name":"(anonymous_11)","decl":{"start":{"line":71,"column":2},"end":{"line":71,"column":16}},"loc":{"start":{"line":71,"column":48},"end":{"line":79,"column":3}}},"11":{"name":"(anonymous_12)","decl":{"start":{"line":84,"column":2},"end":{"line":84,"column":21}},"loc":{"start":{"line":87,"column":3},"end":{"line":100,"column":3}}},"12":{"name":"(anonymous_13)","decl":{"start":{"line":105,"column":2},"end":{"line":105,"column":23}},"loc":{"start":{"line":105,"column":23},"end":{"line":107,"column":3}}},"13":{"name":"(anonymous_14)","decl":{"start":{"line":112,"column":2},"end":{"line":112,"column":17}},"loc":{"start":{"line":112,"column":17},"end":{"line":115,"column":3}}}},"branchMap":{"0":{"loc":{"start":{"line":29,"column":63},"end":{"line":29,"column":83}},"type":"default-arg","locations":[{"start":{"line":29,"column":82},"end":{"line":29,"column":83}}]},"1":{"loc":{"start":{"line":40,"column":13},"end":{"line":40,"column":50}},"type":"binary-expr","locations":[{"start":{"line":40,"column":13},"end":{"line":40,"column":27}},{"start":{"line":40,"column":31},"end":{"line":40,"column":50}}]},"2":{"loc":{"start":{"line":50,"column":4},"end":{"line":52,"column":5}},"type":"if","locations":[{"start":{"line":50,"column":4},"end":{"line":52,"column":5}},{"start":{},"end":{}}]},"3":{"loc":{"start":{"line":74,"column":4},"end":{"line":76,"column":5}},"type":"if","locations":[{"start":{"line":74,"column":4},"end":{"line":76,"column":5}},{"start":{},"end":{}}]}},"s":{"0":1,"1":1,"2":1,"3":18,"4":18,"5":18,"6":18,"7":0,"8":18,"9":0,"10":18,"11":0,"12":18,"13":0,"14":18,"15":0,"16":18,"17":18,"18":0,"19":18,"20":72,"21":18,"22":54,"23":54,"24":54,"25":54,"26":18,"27":0,"28":0,"29":0,"30":0,"31":0,"32":0,"33":0,"34":0,"35":0,"36":1},"f":{"0":18,"1":18,"2":0,"3":0,"4":0,"5":0,"6":0,"7":18,"8":72,"9":54,"10":0,"11":0,"12":0,"13":0},"b":{"0":[0],"1":[0,0],"2":[0,18],"3":[0,0]}}
}
