TN:
SF:src\controllers\authController.ts
FN:22,(anonymous_0)
FN:104,(anonymous_1)
FN:137,(anonymous_2)
FN:171,(anonymous_3)
FN:194,(anonymous_4)
FNF:5
FNH:0
FNDA:0,(anonymous_0)
FNDA:0,(anonymous_1)
FNDA:0,(anonymous_2)
FNDA:0,(anonymous_3)
FNDA:0,(anonymous_4)
DA:9,0
DA:12,0
DA:17,0
DA:23,0
DA:25,0
DA:28,0
DA:31,0
DA:39,0
DA:47,0
DA:52,0
DA:53,0
DA:57,0
DA:60,0
DA:62,0
DA:71,0
DA:79,0
DA:82,0
DA:85,0
DA:88,0
DA:98,0
DA:105,0
DA:106,0
DA:108,0
DA:110,0
DA:115,0
DA:116,0
DA:120,0
DA:123,0
DA:124,0
DA:127,0
DA:130,0
DA:131,0
DA:138,0
DA:140,0
DA:141,0
DA:148,0
DA:159,0
DA:164,0
DA:165,0
DA:172,0
DA:173,0
DA:174,0
DA:177,0
DA:180,0
DA:182,0
DA:187,0
DA:188,0
DA:195,0
DA:196,0
DA:197,0
DA:200,0
DA:203,0
DA:208,0
DA:211,0
DA:215,0
DA:216,0
DA:219,0
DA:223,0
DA:228,0
DA:229,0
DA:232,0
DA:236,0
DA:239,0
DA:245,0
DA:255,0
DA:263,0
DA:268,0
DA:269,0
DA:273,0
DA:276,0
DA:277,0
LF:71
LH:0
BRDA:34,0,0,0
BRDA:34,0,1,0
BRDA:52,1,0,0
BRDA:60,2,0,0
BRDA:60,3,0,0
BRDA:60,3,1,0
BRDA:64,4,0,0
BRDA:64,4,1,0
BRDA:65,5,0,0
BRDA:65,5,1,0
BRDA:85,6,0,0
BRDA:85,6,1,0
BRDA:91,7,0,0
BRDA:91,7,1,0
BRDA:93,8,0,0
BRDA:93,8,1,0
BRDA:94,9,0,0
BRDA:94,9,1,0
BRDA:115,10,0,0
BRDA:123,11,0,0
BRDA:123,12,0,0
BRDA:123,12,1,0
BRDA:130,13,0,0
BRDA:130,13,1,0
BRDA:140,14,0,0
BRDA:144,15,0,0
BRDA:144,15,1,0
BRDA:164,16,0,0
BRDA:164,16,1,0
BRDA:173,17,0,0
BRDA:187,18,0,0
BRDA:187,18,1,0
BRDA:196,19,0,0
BRDA:215,20,0,0
BRDA:228,21,0,0
BRDA:250,22,0,0
BRDA:250,22,1,0
BRDA:268,23,0,0
BRDA:276,24,0,0
BRDA:276,24,1,0
BRF:40
BRH:0
end_of_record
TN:
SF:src\controllers\clientController.ts
FN:20,(anonymous_0)
FN:21,(anonymous_1)
FN:28,(anonymous_2)
FN:94,(anonymous_3)
FN:156,(anonymous_4)
FN:209,(anonymous_5)
FN:295,(anonymous_6)
FNF:7
FNH:0
FNDA:0,(anonymous_0)
FNDA:0,(anonymous_1)
FNDA:0,(anonymous_2)
FNDA:0,(anonymous_3)
FNDA:0,(anonymous_4)
FNDA:0,(anonymous_5)
FNDA:0,(anonymous_6)
DA:9,0
DA:17,0
DA:19,0
DA:20,0
DA:21,0
DA:29,0
DA:30,0
DA:32,0
DA:35,0
DA:44,0
DA:62,0
DA:64,0
DA:79,0
DA:80,0
DA:84,0
DA:87,0
DA:88,0
DA:95,0
DA:96,0
DA:98,0
DA:99,0
DA:102,0
DA:105,0
DA:137,0
DA:138,0
DA:141,0
DA:144,0
DA:149,0
DA:150,0
DA:157,0
DA:158,0
DA:161,0
DA:170,0
DA:171,0
DA:175,0
DA:176,0
DA:179,0
DA:183,0
DA:187,0
DA:189,0
DA:194,0
DA:195,0
DA:199,0
DA:202,0
DA:203,0
DA:210,0
DA:211,0
DA:212,0
DA:214,0
DA:215,0
DA:218,0
DA:222,0
DA:226,0
DA:227,0
DA:230,0
DA:234,0
DA:235,0
DA:236,0
DA:238,0
DA:239,0
DA:241,0
DA:242,0
DA:244,0
DA:245,0
DA:247,0
DA:248,0
DA:252,0
DA:253,0
DA:260,0
DA:261,0
DA:264,0
DA:268,0
DA:273,0
DA:275,0
DA:280,0
DA:281,0
DA:285,0
DA:288,0
DA:289,0
DA:296,0
DA:297,0
DA:299,0
DA:300,0
DA:303,0
DA:307,0
DA:319,0
DA:320,0
DA:323,0
DA:327,0
DA:328,0
DA:335,0
DA:338,0
DA:342,0
DA:344,0
DA:349,0
DA:350,0
LF:96
LH:0
BRDA:20,0,0,0
BRDA:20,0,1,0
BRDA:21,1,0,0
BRDA:21,1,1,0
BRDA:35,2,0,0
BRDA:35,2,1,0
BRDA:79,3,0,0
BRDA:87,4,0,0
BRDA:87,4,1,0
BRDA:98,5,0,0
BRDA:137,6,0,0
BRDA:149,7,0,0
BRDA:149,7,1,0
BRDA:163,8,0,0
BRDA:163,8,1,0
BRDA:164,9,0,0
BRDA:164,9,1,0
BRDA:165,10,0,0
BRDA:165,10,1,0
BRDA:166,11,0,0
BRDA:166,11,1,0
BRDA:170,12,0,0
BRDA:175,13,0,0
BRDA:194,14,0,0
BRDA:202,15,0,0
BRDA:202,15,1,0
BRDA:214,16,0,0
BRDA:226,17,0,0
BRDA:235,18,0,0
BRDA:238,19,0,0
BRDA:239,20,0,0
BRDA:239,20,1,0
BRDA:241,21,0,0
BRDA:242,22,0,0
BRDA:242,22,1,0
BRDA:244,23,0,0
BRDA:245,24,0,0
BRDA:245,24,1,0
BRDA:247,25,0,0
BRDA:248,26,0,0
BRDA:248,26,1,0
BRDA:252,27,0,0
BRDA:252,28,0,0
BRDA:252,28,1,0
BRDA:260,29,0,0
BRDA:280,30,0,0
BRDA:288,31,0,0
BRDA:288,31,1,0
BRDA:299,32,0,0
BRDA:319,33,0,0
BRDA:327,34,0,0
BRDA:327,35,0,0
BRDA:327,35,1,0
BRDA:349,36,0,0
BRDA:349,36,1,0
BRF:55
BRH:0
end_of_record
TN:
SF:src\controllers\editorTemplateController.ts
FN:106,(anonymous_0)
FN:107,(anonymous_1)
FN:109,(anonymous_2)
FN:110,(anonymous_3)
FN:128,(anonymous_4)
FN:142,(anonymous_5)
FN:154,(anonymous_6)
FN:172,(anonymous_7)
FN:196,(anonymous_8)
FN:237,(anonymous_9)
FN:292,(anonymous_10)
FN:340,(anonymous_11)
FN:413,(anonymous_12)
FN:467,(anonymous_13)
FN:536,(anonymous_14)
FN:559,(anonymous_15)
FN:569,(anonymous_16)
FN:573,(anonymous_17)
FN:601,(anonymous_18)
FN:675,(anonymous_19)
FN:693,(anonymous_20)
FNF:21
FNH:0
FNDA:0,(anonymous_0)
FNDA:0,(anonymous_1)
FNDA:0,(anonymous_2)
FNDA:0,(anonymous_3)
FNDA:0,(anonymous_4)
FNDA:0,(anonymous_5)
FNDA:0,(anonymous_6)
FNDA:0,(anonymous_7)
FNDA:0,(anonymous_8)
FNDA:0,(anonymous_9)
FNDA:0,(anonymous_10)
FNDA:0,(anonymous_11)
FNDA:0,(anonymous_12)
FNDA:0,(anonymous_13)
FNDA:0,(anonymous_14)
FNDA:0,(anonymous_15)
FNDA:0,(anonymous_16)
FNDA:0,(anonymous_17)
FNDA:0,(anonymous_18)
FNDA:0,(anonymous_19)
FNDA:0,(anonymous_20)
DA:8,0
DA:49,0
DA:69,0
DA:101,0
DA:105,0
DA:106,0
DA:107,0
DA:109,0
DA:110,0
DA:116,0
DA:124,0
DA:129,0
DA:130,0
DA:131,0
DA:133,0
DA:134,0
DA:138,0
DA:142,0
DA:144,0
DA:145,0
DA:149,0
DA:150,0
DA:154,0
DA:155,0
DA:159,0
DA:160,0
DA:164,0
DA:165,0
DA:168,0
DA:172,0
DA:173,0
DA:174,0
DA:176,0
DA:177,0
DA:178,0
DA:180,0
DA:181,0
DA:184,0
DA:188,0
DA:189,0
DA:190,0
DA:191,0
DA:193,0
DA:196,0
DA:220,0
DA:221,0
DA:226,0
DA:229,0
DA:230,0
DA:238,0
DA:239,0
DA:240,0
DA:242,0
DA:243,0
DA:247,0
DA:250,0
DA:251,0
DA:255,0
DA:258,0
DA:260,0
DA:261,0
DA:265,0
DA:269,0
DA:270,0
DA:274,0
DA:277,0
DA:284,0
DA:285,0
DA:293,0
DA:294,0
DA:295,0
DA:297,0
DA:298,0
DA:302,0
DA:305,0
DA:314,0
DA:316,0
DA:323,0
DA:324,0
DA:329,0
DA:332,0
DA:333,0
DA:341,0
DA:342,0
DA:343,0
DA:344,0
DA:346,0
DA:347,0
DA:351,0
DA:354,0
DA:355,0
DA:359,0
DA:362,0
DA:364,0
DA:365,0
DA:369,0
DA:372,0
DA:373,0
DA:377,0
DA:380,0
DA:387,0
DA:389,0
DA:396,0
DA:397,0
DA:402,0
DA:405,0
DA:406,0
DA:414,0
DA:415,0
DA:416,0
DA:418,0
DA:419,0
DA:423,0
DA:426,0
DA:427,0
DA:431,0
DA:434,0
DA:436,0
DA:437,0
DA:441,0
DA:444,0
DA:445,0
DA:449,0
DA:452,0
DA:454,0
DA:459,0
DA:460,0
DA:468,0
DA:469,0
DA:470,0
DA:471,0
DA:473,0
DA:474,0
DA:478,0
DA:481,0
DA:482,0
DA:486,0
DA:489,0
DA:491,0
DA:492,0
DA:496,0
DA:500,0
DA:501,0
DA:505,0
DA:508,0
DA:519,0
DA:521,0
DA:528,0
DA:529,0
DA:537,0
DA:538,0
DA:539,0
DA:541,0
DA:542,0
DA:546,0
DA:549,0
DA:550,0
DA:554,0
DA:557,0
DA:558,0
DA:561,0
DA:562,0
DA:566,0
DA:569,0
DA:573,0
DA:586,0
DA:593,0
DA:594,0
DA:602,0
DA:603,0
DA:604,0
DA:605,0
DA:607,0
DA:608,0
DA:612,0
DA:615,0
DA:616,0
DA:620,0
DA:623,0
DA:625,0
DA:626,0
DA:630,0
DA:634,0
DA:635,0
DA:639,0
DA:643,0
DA:644,0
DA:647,0
DA:649,0
DA:658,0
DA:659,0
DA:664,0
DA:667,0
DA:668,0
DA:676,0
DA:677,0
DA:679,0
DA:688,0
DA:689,0
DA:693,0
DA:697,0
DA:700,0
DA:701,0
LF:203
LH:0
BRDA:106,0,0,0
BRDA:106,0,1,0
BRDA:107,1,0,0
BRDA:107,1,1,0
BRDA:109,2,0,0
BRDA:109,2,1,0
BRDA:110,3,0,0
BRDA:110,3,1,0
BRDA:133,4,0,0
BRDA:144,5,0,0
BRDA:144,6,0,0
BRDA:144,6,1,0
BRDA:149,7,0,0
BRDA:149,8,0,0
BRDA:149,8,1,0
BRDA:154,9,0,0
BRDA:154,10,0,0
BRDA:154,10,1,0
BRDA:159,11,0,0
BRDA:159,12,0,0
BRDA:159,12,1,0
BRDA:164,13,0,0
BRDA:164,14,0,0
BRDA:164,14,1,0
BRDA:176,15,0,0
BRDA:176,15,1,0
BRDA:184,16,0,0
BRDA:184,16,1,0
BRDA:184,17,0,0
BRDA:184,17,1,0
BRDA:184,18,0,0
BRDA:184,18,1,0
BRDA:220,19,0,0
BRDA:229,20,0,0
BRDA:229,20,1,0
BRDA:242,21,0,0
BRDA:250,22,0,0
BRDA:260,23,0,0
BRDA:269,24,0,0
BRDA:269,25,0,0
BRDA:269,25,1,0
BRDA:284,26,0,0
BRDA:284,26,1,0
BRDA:297,27,0,0
BRDA:323,28,0,0
BRDA:332,29,0,0
BRDA:332,29,1,0
BRDA:346,30,0,0
BRDA:354,31,0,0
BRDA:364,32,0,0
BRDA:372,33,0,0
BRDA:396,34,0,0
BRDA:405,35,0,0
BRDA:405,35,1,0
BRDA:418,36,0,0
BRDA:426,37,0,0
BRDA:436,38,0,0
BRDA:444,39,0,0
BRDA:459,40,0,0
BRDA:459,40,1,0
BRDA:473,41,0,0
BRDA:481,42,0,0
BRDA:491,43,0,0
BRDA:500,44,0,0
BRDA:500,45,0,0
BRDA:500,45,1,0
BRDA:511,46,0,0
BRDA:511,46,1,0
BRDA:528,47,0,0
BRDA:528,47,1,0
BRDA:541,48,0,0
BRDA:549,49,0,0
BRDA:549,50,0,0
BRDA:549,50,1,0
BRDA:561,51,0,0
BRDA:561,52,0,0
BRDA:561,52,1,0
BRDA:567,53,0,0
BRDA:567,53,1,0
BRDA:567,53,2,0
BRDA:593,54,0,0
BRDA:593,54,1,0
BRDA:607,55,0,0
BRDA:615,56,0,0
BRDA:625,57,0,0
BRDA:634,58,0,0
BRDA:634,59,0,0
BRDA:634,59,1,0
BRDA:658,60,0,0
BRDA:667,61,0,0
BRDA:667,61,1,0
BRDA:688,62,0,0
BRDA:700,63,0,0
BRDA:700,63,1,0
BRF:94
BRH:0
end_of_record
TN:
SF:src\controllers\fileController.ts
FN:16,(anonymous_0)
FN:33,(anonymous_1)
FN:37,(anonymous_2)
FN:106,(anonymous_3)
FN:150,(anonymous_4)
FN:168,(anonymous_5)
FN:169,(anonymous_6)
FN:170,(anonymous_7)
FN:203,(anonymous_8)
FNF:9
FNH:0
FNDA:0,(anonymous_0)
FNDA:0,(anonymous_1)
FNDA:0,(anonymous_2)
FNDA:0,(anonymous_3)
FNDA:0,(anonymous_4)
FNDA:0,(anonymous_5)
FNDA:0,(anonymous_6)
FNDA:0,(anonymous_7)
FNDA:0,(anonymous_8)
DA:9,0
DA:10,0
DA:17,0
DA:18,0
DA:20,0
DA:21,0
DA:23,0
DA:29,0
DA:35,0
DA:38,0
DA:39,0
DA:40,0
DA:42,0
DA:43,0
DA:48,0
DA:49,0
DA:55,0
DA:56,0
DA:57,0
DA:58,0
DA:59,0
DA:66,0
DA:82,0
DA:83,0
DA:88,0
DA:89,0
DA:95,0
DA:101,0
DA:106,0
DA:109,0
DA:119,0
DA:120,0
DA:126,0
DA:127,0
DA:128,0
DA:132,0
DA:133,0
DA:139,0
DA:144,0
DA:151,0
DA:152,0
DA:154,0
DA:156,0
DA:157,0
DA:163,0
DA:164,0
DA:165,0
DA:168,0
DA:169,0
DA:170,0
DA:172,0
DA:192,0
DA:197,0
DA:204,0
DA:207,0
DA:216,0
DA:221,0
LF:57
LH:0
BRDA:13,0,0,0
BRDA:13,0,1,0
BRDA:20,1,0,0
BRDA:20,1,1,0
BRDA:42,2,0,0
BRDA:42,3,0,0
BRDA:42,3,1,0
BRDA:48,4,0,0
BRDA:58,5,0,0
BRDA:82,6,0,0
BRDA:88,7,0,0
BRDA:119,8,0,0
BRDA:126,9,0,0
BRDA:127,10,0,0
BRDA:132,11,0,0
BRDA:140,12,0,0
BRDA:140,12,1,0
BRDA:156,13,0,0
BRDA:165,14,0,0
BRDA:165,14,1,0
BRDA:193,15,0,0
BRDA:193,15,1,0
BRDA:217,16,0,0
BRDA:217,16,1,0
BRF:24
BRH:0
end_of_record
TN:
SF:src\controllers\healthController.ts
FN:56,(anonymous_0)
FN:67,(anonymous_1)
FN:86,(anonymous_2)
FN:111,(anonymous_3)
FN:133,(anonymous_4)
FN:136,(anonymous_5)
FN:146,(anonymous_6)
FN:215,(anonymous_7)
FN:247,(anonymous_8)
FNF:9
FNH:0
FNDA:0,(anonymous_0)
FNDA:0,(anonymous_1)
FNDA:0,(anonymous_2)
FNDA:0,(anonymous_3)
FNDA:0,(anonymous_4)
FNDA:0,(anonymous_5)
FNDA:0,(anonymous_6)
FNDA:0,(anonymous_7)
FNDA:0,(anonymous_8)
DA:9,0
DA:52,0
DA:53,0
DA:54,0
DA:56,0
DA:57,0
DA:58,0
DA:60,0
DA:62,0
DA:63,0
DA:67,0
DA:68,0
DA:69,0
DA:70,0
DA:71,0
DA:73,0
DA:78,0
DA:79,0
DA:86,0
DA:87,0
DA:88,0
DA:90,0
DA:91,0
DA:92,0
DA:94,0
DA:101,0
DA:102,0
DA:111,0
DA:112,0
DA:113,0
DA:114,0
DA:115,0
DA:117,0
DA:133,0
DA:134,0
DA:135,0
DA:136,0
DA:139,0
DA:146,0
DA:147,0
DA:148,0
DA:151,0
DA:156,0
DA:157,0
DA:160,0
DA:162,0
DA:163,0
DA:164,0
DA:170,0
DA:173,0
DA:187,0
DA:188,0
DA:191,0
DA:192,0
DA:199,0
DA:200,0
DA:203,0
DA:204,0
DA:206,0
DA:215,0
DA:216,0
DA:218,0
DA:220,0
DA:221,0
DA:229,0
DA:238,0
DA:239,0
DA:247,0
DA:249,0
LF:69
LH:0
BRDA:56,0,0,0
BRDA:58,1,0,0
BRDA:62,2,0,0
BRDA:81,3,0,0
BRDA:81,3,1,0
BRDA:134,4,0,0
BRDA:134,4,1,0
BRDA:135,5,0,0
BRDA:135,5,1,0
BRDA:162,6,0,0
BRDA:162,6,1,0
BRDA:164,7,0,0
BRDA:165,8,0,0
BRDA:165,8,1,0
BRDA:165,8,2,0
BRDA:165,8,3,0
BRDA:176,9,0,0
BRDA:176,9,1,0
BRDA:178,10,0,0
BRDA:178,10,1,0
BRDA:191,11,0,0
BRDA:199,12,0,0
BRDA:199,12,1,0
BRDA:199,13,0,0
BRDA:199,13,1,0
BRDA:210,14,0,0
BRDA:210,14,1,0
BRDA:220,15,0,0
BRDA:220,15,1,0
BRDA:242,16,0,0
BRDA:242,16,1,0
BRF:31
BRH:0
end_of_record
TN:
SF:src\controllers\reportController.ts
FN:14,(anonymous_0)
FN:97,(anonymous_1)
FN:147,(anonymous_2)
FN:206,(anonymous_3)
FN:258,(anonymous_4)
FN:290,(anonymous_5)
FNF:6
FNH:0
FNDA:0,(anonymous_0)
FNDA:0,(anonymous_1)
FNDA:0,(anonymous_2)
FNDA:0,(anonymous_3)
FNDA:0,(anonymous_4)
FNDA:0,(anonymous_5)
DA:7,0
DA:8,0
DA:15,0
DA:16,0
DA:17,0
DA:19,0
DA:20,0
DA:27,0
DA:35,0
DA:36,0
DA:43,0
DA:49,0
DA:50,0
DA:51,0
DA:54,0
DA:55,0
DA:56,0
DA:59,0
DA:72,0
DA:73,0
DA:74,0
DA:76,0
DA:86,0
DA:87,0
DA:98,0
DA:99,0
DA:100,0
DA:102,0
DA:103,0
DA:104,0
DA:106,0
DA:122,0
DA:136,0
DA:137,0
DA:148,0
DA:149,0
DA:151,0
DA:182,0
DA:183,0
DA:189,0
DA:195,0
DA:196,0
DA:207,0
DA:208,0
DA:210,0
DA:214,0
DA:215,0
DA:221,0
DA:222,0
DA:228,0
DA:230,0
DA:231,0
DA:237,0
DA:239,0
DA:240,0
DA:242,0
DA:243,0
DA:244,0
DA:247,0
DA:248,0
DA:259,0
DA:260,0
DA:262,0
DA:263,0
DA:270,0
DA:272,0
DA:273,0
DA:274,0
DA:276,0
DA:279,0
DA:280,0
DA:291,0
DA:292,0
DA:294,0
DA:298,0
DA:299,0
DA:306,0
DA:307,0
DA:308,0
DA:309,0
DA:313,0
DA:317,0
DA:323,0
DA:324,0
LF:84
LH:0
BRDA:19,0,0,0
BRDA:35,1,0,0
BRDA:50,2,0,0
BRDA:62,3,0,0
BRDA:62,3,1,0
BRDA:63,4,0,0
BRDA:63,4,1,0
BRDA:99,5,0,0
BRDA:99,6,0,0
BRDA:103,7,0,0
BRDA:104,8,0,0
BRDA:182,9,0,0
BRDA:214,10,0,0
BRDA:221,11,0,0
BRDA:230,12,0,0
BRDA:262,13,0,0
BRDA:298,14,0,0
BRDA:306,15,0,0
BRDA:308,16,0,0
BRF:19
BRH:0
end_of_record
TN:
SF:src\controllers\reportTemplateController.ts
FN:32,(anonymous_0)
FN:36,(anonymous_1)
FN:46,(anonymous_2)
FN:63,(anonymous_3)
FN:64,(anonymous_4)
FN:66,(anonymous_5)
FN:76,(anonymous_6)
FN:145,(anonymous_7)
FN:194,(anonymous_8)
FN:244,(anonymous_9)
FN:316,(anonymous_10)
FN:371,(anonymous_11)
FN:395,(anonymous_12)
FN:398,(anonymous_13)
FN:428,(anonymous_14)
FN:438,(anonymous_15)
FN:468,(anonymous_16)
FN:498,(anonymous_17)
FN:551,(anonymous_18)
FN:595,(anonymous_19)
FNF:20
FNH:0
FNDA:0,(anonymous_0)
FNDA:0,(anonymous_1)
FNDA:0,(anonymous_2)
FNDA:0,(anonymous_3)
FNDA:0,(anonymous_4)
FNDA:0,(anonymous_5)
FNDA:0,(anonymous_6)
FNDA:0,(anonymous_7)
FNDA:0,(anonymous_8)
FNDA:0,(anonymous_9)
FNDA:0,(anonymous_10)
FNDA:0,(anonymous_11)
FNDA:0,(anonymous_12)
FNDA:0,(anonymous_13)
FNDA:0,(anonymous_14)
FNDA:0,(anonymous_15)
FNDA:0,(anonymous_16)
FNDA:0,(anonymous_17)
FNDA:0,(anonymous_18)
FNDA:0,(anonymous_19)
DA:12,0
DA:18,0
DA:25,0
DA:31,0
DA:33,0
DA:34,0
DA:38,0
DA:39,0
DA:40,0
DA:44,0
DA:48,0
DA:49,0
DA:51,0
DA:52,0
DA:54,0
DA:62,0
DA:63,0
DA:64,0
DA:67,0
DA:68,0
DA:69,0
DA:77,0
DA:78,0
DA:80,0
DA:83,0
DA:85,0
DA:86,0
DA:92,0
DA:93,0
DA:97,0
DA:114,0
DA:116,0
DA:131,0
DA:132,0
DA:138,0
DA:139,0
DA:146,0
DA:147,0
DA:149,0
DA:176,0
DA:177,0
DA:182,0
DA:187,0
DA:188,0
DA:195,0
DA:196,0
DA:199,0
DA:203,0
DA:204,0
DA:210,0
DA:219,0
DA:225,0
DA:230,0
DA:231,0
DA:237,0
DA:238,0
DA:245,0
DA:246,0
DA:247,0
DA:250,0
DA:254,0
DA:255,0
DA:261,0
DA:262,0
DA:269,0
DA:270,0
DA:277,0
DA:286,0
DA:293,0
DA:298,0
DA:299,0
DA:305,0
DA:310,0
DA:317,0
DA:318,0
DA:321,0
DA:332,0
DA:333,0
DA:339,0
DA:340,0
DA:349,0
DA:353,0
DA:355,0
DA:360,0
DA:365,0
DA:372,0
DA:373,0
DA:383,0
DA:388,0
DA:389,0
DA:396,0
DA:398,0
DA:399,0
DA:400,0
DA:401,0
DA:402,0
DA:407,0
DA:412,0
DA:413,0
DA:418,0
DA:419,0
DA:422,0
DA:426,0
DA:428,0
DA:429,0
DA:435,0
DA:436,0
DA:438,0
DA:439,0
DA:445,0
DA:454,0
DA:461,0
DA:467,0
DA:468,0
DA:471,0
DA:472,0
DA:478,0
DA:482,0
DA:488,0
DA:492,0
DA:499,0
DA:500,0
DA:502,0
DA:506,0
DA:507,0
DA:513,0
DA:514,0
DA:515,0
DA:522,0
DA:541,0
DA:545,0
DA:552,0
DA:553,0
DA:555,0
DA:559,0
DA:560,0
DA:567,0
DA:579,0
DA:584,0
DA:588,0
DA:596,0
LF:141
LH:0
BRDA:33,0,0,0
BRDA:33,0,1,0
BRDA:51,1,0,0
BRDA:51,1,1,0
BRDA:63,2,0,0
BRDA:63,2,1,0
BRDA:64,3,0,0
BRDA:64,3,1,0
BRDA:67,4,0,0
BRDA:68,5,0,0
BRDA:85,6,0,0
BRDA:92,7,0,0
BRDA:131,8,0,0
BRDA:138,9,0,0
BRDA:138,9,1,0
BRDA:176,10,0,0
BRDA:187,11,0,0
BRDA:187,11,1,0
BRDA:203,12,0,0
BRDA:213,13,0,0
BRDA:213,13,1,0
BRDA:230,14,0,0
BRDA:237,15,0,0
BRDA:237,15,1,0
BRDA:254,16,0,0
BRDA:261,17,0,0
BRDA:261,18,0,0
BRDA:261,18,1,0
BRDA:269,19,0,0
BRDA:281,20,0,0
BRDA:281,20,1,0
BRDA:298,21,0,0
BRDA:306,22,0,0
BRDA:306,22,1,0
BRDA:332,23,0,0
BRDA:339,24,0,0
BRDA:361,25,0,0
BRDA:361,25,1,0
BRDA:388,26,0,0
BRDA:388,26,1,0
BRDA:399,27,0,0
BRDA:400,28,0,0
BRDA:401,29,0,0
BRDA:412,30,0,0
BRDA:426,31,0,0
BRDA:436,32,0,0
BRDA:448,33,0,0
BRDA:448,33,1,0
BRDA:467,34,0,0
BRDA:471,35,0,0
BRDA:479,36,0,0
BRDA:479,36,1,0
BRDA:489,37,0,0
BRDA:489,37,1,0
BRDA:506,38,0,0
BRDA:514,39,0,0
BRDA:542,40,0,0
BRDA:542,40,1,0
BRDA:559,41,0,0
BRDA:585,42,0,0
BRDA:585,42,1,0
BRF:61
BRH:0
end_of_record
TN:
SF:src\controllers\sensorController.ts
FN:12,(anonymous_0)
FN:18,(anonymous_1)
FN:19,(anonymous_2)
FN:27,(anonymous_3)
FN:103,(anonymous_4)
FN:159,(anonymous_5)
FN:218,(anonymous_6)
FN:297,(anonymous_7)
FNF:8
FNH:0
FNDA:0,(anonymous_0)
FNDA:0,(anonymous_1)
FNDA:0,(anonymous_2)
FNDA:0,(anonymous_3)
FNDA:0,(anonymous_4)
FNDA:0,(anonymous_5)
FNDA:0,(anonymous_6)
FNDA:0,(anonymous_7)
DA:8,0
DA:12,0
DA:15,0
DA:17,0
DA:18,0
DA:19,0
DA:28,0
DA:29,0
DA:31,0
DA:34,0
DA:36,0
DA:37,0
DA:43,0
DA:44,0
DA:48,0
DA:72,0
DA:74,0
DA:89,0
DA:90,0
DA:96,0
DA:97,0
DA:104,0
DA:105,0
DA:107,0
DA:141,0
DA:142,0
DA:147,0
DA:152,0
DA:153,0
DA:160,0
DA:161,0
DA:164,0
DA:168,0
DA:169,0
DA:175,0
DA:179,0
DA:180,0
DA:185,0
DA:197,0
DA:199,0
DA:204,0
DA:205,0
DA:211,0
DA:212,0
DA:219,0
DA:220,0
DA:221,0
DA:224,0
DA:228,0
DA:229,0
DA:235,0
DA:236,0
DA:243,0
DA:244,0
DA:251,0
DA:252,0
DA:256,0
DA:257,0
DA:263,0
DA:276,0
DA:278,0
DA:283,0
DA:284,0
DA:290,0
DA:291,0
DA:298,0
DA:299,0
DA:302,0
DA:314,0
DA:315,0
DA:321,0
DA:322,0
DA:331,0
DA:335,0
DA:337,0
DA:342,0
DA:343,0
LF:77
LH:0
BRDA:12,0,0,0
BRDA:12,0,1,0
BRDA:18,1,0,0
BRDA:18,1,1,0
BRDA:19,2,0,0
BRDA:19,2,1,0
BRDA:36,3,0,0
BRDA:43,4,0,0
BRDA:89,5,0,0
BRDA:96,6,0,0
BRDA:96,6,1,0
BRDA:141,7,0,0
BRDA:152,8,0,0
BRDA:152,8,1,0
BRDA:168,9,0,0
BRDA:179,10,0,0
BRDA:204,11,0,0
BRDA:211,12,0,0
BRDA:211,12,1,0
BRDA:228,13,0,0
BRDA:235,14,0,0
BRDA:235,15,0,0
BRDA:235,15,1,0
BRDA:243,16,0,0
BRDA:251,17,0,0
BRDA:256,18,0,0
BRDA:283,19,0,0
BRDA:290,20,0,0
BRDA:290,20,1,0
BRDA:314,21,0,0
BRDA:321,22,0,0
BRDA:321,23,0,0
BRDA:321,23,1,0
BRDA:342,24,0,0
BRDA:342,24,1,0
BRF:35
BRH:0
end_of_record
TN:
SF:src\controllers\sensorTypeController.ts
FN:25,(anonymous_0)
FN:50,(anonymous_1)
FN:93,(anonymous_2)
FN:139,(anonymous_3)
FN:203,(anonymous_4)
FNF:5
FNH:0
FNDA:0,(anonymous_0)
FNDA:0,(anonymous_1)
FNDA:0,(anonymous_2)
FNDA:0,(anonymous_3)
FNDA:0,(anonymous_4)
DA:8,0
DA:22,0
DA:26,0
DA:27,0
DA:38,0
DA:43,0
DA:44,0
DA:51,0
DA:52,0
DA:54,0
DA:75,0
DA:76,0
DA:81,0
DA:86,0
DA:87,0
DA:94,0
DA:95,0
DA:98,0
DA:104,0
DA:108,0
DA:109,0
DA:114,0
DA:118,0
DA:120,0
DA:125,0
DA:126,0
DA:132,0
DA:133,0
DA:140,0
DA:141,0
DA:142,0
DA:145,0
DA:149,0
DA:150,0
DA:156,0
DA:157,0
DA:164,0
DA:165,0
DA:172,0
DA:177,0
DA:182,0
DA:184,0
DA:189,0
DA:190,0
DA:196,0
DA:197,0
DA:204,0
DA:205,0
DA:208,0
DA:219,0
DA:220,0
DA:226,0
DA:227,0
DA:235,0
DA:239,0
DA:241,0
DA:246,0
DA:247,0
LF:58
LH:0
BRDA:43,0,0,0
BRDA:43,0,1,0
BRDA:75,1,0,0
BRDA:86,2,0,0
BRDA:86,2,1,0
BRDA:100,3,0,0
BRDA:100,3,1,0
BRDA:108,4,0,0
BRDA:125,5,0,0
BRDA:132,6,0,0
BRDA:132,6,1,0
BRDA:149,7,0,0
BRDA:156,8,0,0
BRDA:156,9,0,0
BRDA:156,9,1,0
BRDA:164,10,0,0
BRDA:174,11,0,0
BRDA:174,11,1,0
BRDA:189,12,0,0
BRDA:196,13,0,0
BRDA:196,13,1,0
BRDA:219,14,0,0
BRDA:226,15,0,0
BRDA:246,16,0,0
BRDA:246,16,1,0
BRF:25
BRH:0
end_of_record
TN:
SF:src\controllers\suitcaseController.ts
FN:20,(anonymous_0)
FN:21,(anonymous_1)
FN:28,(anonymous_2)
FN:109,(anonymous_3)
FN:179,(anonymous_4)
FN:202,(anonymous_5)
FN:225,(anonymous_6)
FN:233,(anonymous_7)
FN:287,(anonymous_8)
FN:321,(anonymous_9)
FN:346,(anonymous_10)
FN:369,(anonymous_11)
FN:424,(anonymous_12)
FN:457,(anonymous_13)
FNF:14
FNH:0
FNDA:0,(anonymous_0)
FNDA:0,(anonymous_1)
FNDA:0,(anonymous_2)
FNDA:0,(anonymous_3)
FNDA:0,(anonymous_4)
FNDA:0,(anonymous_5)
FNDA:0,(anonymous_6)
FNDA:0,(anonymous_7)
FNDA:0,(anonymous_8)
FNDA:0,(anonymous_9)
FNDA:0,(anonymous_10)
FNDA:0,(anonymous_11)
FNDA:0,(anonymous_12)
FNDA:0,(anonymous_13)
DA:8,0
DA:17,0
DA:19,0
DA:20,0
DA:21,0
DA:29,0
DA:30,0
DA:32,0
DA:35,0
DA:43,0
DA:78,0
DA:80,0
DA:95,0
DA:96,0
DA:102,0
DA:103,0
DA:110,0
DA:111,0
DA:113,0
DA:161,0
DA:162,0
DA:167,0
DA:172,0
DA:173,0
DA:180,0
DA:181,0
DA:184,0
DA:190,0
DA:194,0
DA:195,0
DA:201,0
DA:202,0
DA:203,0
DA:205,0
DA:206,0
DA:212,0
DA:217,0
DA:218,0
DA:225,0
DA:226,0
DA:231,0
DA:232,0
DA:233,0
DA:241,0
DA:266,0
DA:268,0
DA:273,0
DA:274,0
DA:280,0
DA:281,0
DA:288,0
DA:289,0
DA:290,0
DA:293,0
DA:297,0
DA:298,0
DA:304,0
DA:305,0
DA:312,0
DA:313,0
DA:320,0
DA:321,0
DA:322,0
DA:324,0
DA:325,0
DA:331,0
DA:332,0
DA:337,0
DA:338,0
DA:346,0
DA:348,0
DA:349,0
DA:350,0
DA:351,0
DA:354,0
DA:360,0
DA:362,0
DA:367,0
DA:368,0
DA:369,0
DA:378,0
DA:403,0
DA:405,0
DA:410,0
DA:411,0
DA:417,0
DA:418,0
DA:425,0
DA:426,0
DA:429,0
DA:440,0
DA:441,0
DA:447,0
DA:448,0
DA:457,0
DA:459,0
DA:464,0
DA:469,0
DA:471,0
DA:476,0
DA:477,0
LF:101
LH:0
BRDA:20,0,0,0
BRDA:20,0,1,0
BRDA:21,1,0,0
BRDA:21,1,1,0
BRDA:35,2,0,0
BRDA:35,2,1,0
BRDA:95,3,0,0
BRDA:102,4,0,0
BRDA:102,4,1,0
BRDA:161,5,0,0
BRDA:172,6,0,0
BRDA:172,6,1,0
BRDA:186,7,0,0
BRDA:186,7,1,0
BRDA:194,8,0,0
BRDA:201,9,0,0
BRDA:201,10,0,0
BRDA:201,10,1,0
BRDA:205,11,0,0
BRDA:217,12,0,0
BRDA:231,13,0,0
BRDA:231,14,0,0
BRDA:231,14,1,0
BRDA:236,15,0,0
BRDA:236,15,1,0
BRDA:266,16,0,0
BRDA:266,16,1,0
BRDA:273,17,0,0
BRDA:280,18,0,0
BRDA:280,18,1,0
BRDA:297,19,0,0
BRDA:304,20,0,0
BRDA:304,21,0,0
BRDA:304,21,1,0
BRDA:312,22,0,0
BRDA:320,23,0,0
BRDA:324,24,0,0
BRDA:331,25,0,0
BRDA:337,26,0,0
BRDA:349,27,0,0
BRDA:350,28,0,0
BRDA:351,29,0,0
BRDA:351,29,1,0
BRDA:360,30,0,0
BRDA:367,31,0,0
BRDA:372,32,0,0
BRDA:372,32,1,0
BRDA:410,33,0,0
BRDA:417,34,0,0
BRDA:417,34,1,0
BRDA:440,35,0,0
BRDA:447,36,0,0
BRDA:476,37,0,0
BRDA:476,37,1,0
BRF:54
BRH:0
end_of_record
TN:
SF:src\controllers\templateEditorController.ts
FN:59,(anonymous_1)
FN:1640,(anonymous_2)
FN:1738,(anonymous_3)
FN:1739,(anonymous_4)
FN:1741,(anonymous_5)
FN:1797,(anonymous_6)
FN:1810,(anonymous_7)
FN:1815,(anonymous_8)
FN:1846,(anonymous_9)
FNF:9
FNH:9
FNDA:10,(anonymous_1)
FNDA:7,(anonymous_2)
FNDA:19,(anonymous_3)
FNDA:153,(anonymous_4)
FNDA:450,(anonymous_5)
FNDA:6,(anonymous_6)
FNDA:10,(anonymous_7)
FNDA:7,(anonymous_8)
FNDA:10,(anonymous_9)
DA:2,2
DA:3,2
DA:4,2
DA:6,2
DA:55,2
DA:60,10
DA:61,10
DA:1624,10
DA:1625,10
DA:1628,1
DA:1629,1
DA:1641,7
DA:1642,7
DA:1644,7
DA:1645,2
DA:1652,5
DA:1654,4
DA:1656,4
DA:1658,4
DA:1659,4
DA:1660,4
DA:1662,0
DA:1664,4
DA:1667,4
DA:1721,4
DA:1722,4
DA:1726,1
DA:1727,1
DA:1739,19
DA:1740,153
DA:1741,450
DA:1744,153
DA:1746,117
DA:1748,14
DA:1750,14
DA:1752,2
DA:1754,2
DA:1756,2
DA:1758,2
DA:1760,0
DA:1764,19
DA:1798,6
DA:1799,6
DA:1800,6
DA:1802,6
DA:1803,2
DA:1804,2
DA:1810,4
DA:1811,10
DA:1814,3
DA:1815,7
DA:1827,3
DA:1834,1
DA:1835,1
DA:1847,10
DA:1848,10
DA:1850,10
DA:1851,2
DA:1858,8
DA:1859,8
DA:1860,3
DA:1864,7
DA:1865,7
DA:1866,7
DA:1868,7
DA:1871,5
DA:1872,5
DA:1875,5
DA:1876,5
DA:1878,0
DA:1881,5
DA:1893,3
DA:1894,3
LF:73
LH:70
BRDA:1632,0,0,1
BRDA:1632,0,1,0
BRDA:1644,1,0,2
BRDA:1644,2,0,7
BRDA:1644,2,1,6
BRDA:1730,3,0,1
BRDA:1730,3,1,0
BRDA:1744,4,0,117
BRDA:1744,4,1,14
BRDA:1744,4,2,14
BRDA:1744,4,3,2
BRDA:1744,4,4,2
BRDA:1744,4,5,2
BRDA:1744,4,6,2
BRDA:1744,4,7,0
BRDA:1773,5,0,19
BRDA:1773,5,1,0
BRDA:1774,6,0,19
BRDA:1774,6,1,0
BRDA:1775,7,0,19
BRDA:1775,7,1,0
BRDA:1775,8,0,19
BRDA:1775,8,1,0
BRDA:1775,9,0,19
BRDA:1775,9,1,0
BRDA:1775,10,0,19
BRDA:1775,10,1,0
BRDA:1782,11,0,19
BRDA:1782,11,1,0
BRDA:1783,12,0,19
BRDA:1783,12,1,0
BRDA:1783,13,0,19
BRDA:1783,13,1,0
BRDA:1783,14,0,19
BRDA:1783,14,1,0
BRDA:1783,15,0,19
BRDA:1783,15,1,0
BRDA:1802,16,0,2
BRDA:1802,16,1,4
BRDA:1811,17,0,10
BRDA:1811,17,1,5
BRDA:1811,17,2,4
BRDA:1838,18,0,1
BRDA:1838,18,1,0
BRDA:1850,19,0,2
BRDA:1850,20,0,10
BRDA:1850,20,1,10
BRDA:1859,21,0,3
BRDA:1897,22,0,3
BRDA:1897,22,1,0
BRF:50
BRH:34
end_of_record
TN:
SF:src\controllers\templateEditorControllerSimple.ts
FN:59,(anonymous_0)
FNF:1
FNH:0
FNDA:0,(anonymous_0)
DA:6,0
DA:60,0
DA:61,0
DA:331,0
DA:332,0
DA:335,0
DA:336,0
LF:7
LH:0
BRDA:339,0,0,0
BRDA:339,0,1,0
BRF:2
BRH:0
end_of_record
TN:
SF:src\controllers\templateTestController.ts
FN:10,(anonymous_0)
FN:36,(anonymous_1)
FN:63,(anonymous_2)
FN:118,(anonymous_3)
FN:169,(anonymous_4)
FNF:5
FNH:0
FNDA:0,(anonymous_0)
FNDA:0,(anonymous_1)
FNDA:0,(anonymous_2)
FNDA:0,(anonymous_3)
FNDA:0,(anonymous_4)
DA:4,0
DA:11,0
DA:12,0
DA:14,0
DA:24,0
DA:25,0
DA:37,0
DA:38,0
DA:39,0
DA:41,0
DA:51,0
DA:52,0
DA:64,0
DA:65,0
DA:67,0
DA:68,0
DA:75,0
DA:118,0
DA:135,0
DA:138,0
DA:141,0
DA:144,0
DA:146,0
DA:147,0
DA:150,0
DA:151,0
DA:152,0
DA:154,0
DA:157,0
DA:158,0
DA:170,0
DA:171,0
DA:182,0
DA:202,0
DA:203,0
DA:204,0
DA:206,0
DA:216,0
DA:217,0
LF:39
LH:0
BRDA:28,0,0,0
BRDA:28,0,1,0
BRDA:55,1,0,0
BRDA:55,1,1,0
BRDA:67,2,0,0
BRDA:161,3,0,0
BRDA:161,3,1,0
BRDA:220,4,0,0
BRDA:220,4,1,0
BRF:9
BRH:0
end_of_record
TN:
SF:src\controllers\testController.ts
FN:12,(anonymous_0)
FN:80,(anonymous_1)
FN:199,(anonymous_2)
FN:275,(anonymous_3)
FN:332,(anonymous_4)
FN:389,(anonymous_5)
FNF:6
FNH:0
FNDA:0,(anonymous_0)
FNDA:0,(anonymous_1)
FNDA:0,(anonymous_2)
FNDA:0,(anonymous_3)
FNDA:0,(anonymous_4)
FNDA:0,(anonymous_5)
DA:5,0
DA:6,0
DA:13,0
DA:14,0
DA:17,0
DA:44,0
DA:45,0
DA:51,0
DA:52,0
DA:55,0
DA:57,0
DA:58,0
DA:61,0
DA:62,0
DA:63,0
DA:65,0
DA:68,0
DA:69,0
DA:81,0
DA:82,0
DA:85,0
DA:175,0
DA:187,0
DA:188,0
DA:200,0
DA:201,0
DA:204,0
DA:276,0
DA:277,0
DA:278,0
DA:280,0
DA:298,0
DA:301,0
DA:304,0
DA:307,0
DA:309,0
DA:310,0
DA:313,0
DA:314,0
DA:315,0
DA:317,0
DA:320,0
DA:321,0
DA:333,0
DA:334,0
DA:337,0
DA:389,0
DA:406,0
DA:409,0
DA:412,0
DA:415,0
DA:417,0
DA:418,0
DA:421,0
DA:422,0
DA:423,0
DA:425,0
DA:428,0
DA:429,0
LF:59
LH:0
BRDA:44,0,0,0
BRDA:72,1,0,0
BRDA:72,1,1,0
BRDA:191,2,0,0
BRDA:191,2,1,0
BRDA:324,3,0,0
BRDA:324,3,1,0
BRDA:395,4,0,0
BRDA:395,4,1,0
BRDA:432,5,0,0
BRDA:432,5,1,0
BRF:11
BRH:0
end_of_record
TN:
SF:src\controllers\userController.ts
FN:11,(anonymous_0)
FN:18,(anonymous_1)
FN:30,(anonymous_2)
FN:44,(anonymous_3)
FN:109,(anonymous_4)
FN:159,(anonymous_5)
FN:201,(anonymous_6)
FNF:7
FNH:0
FNDA:0,(anonymous_0)
FNDA:0,(anonymous_1)
FNDA:0,(anonymous_2)
FNDA:0,(anonymous_3)
FNDA:0,(anonymous_4)
FNDA:0,(anonymous_5)
FNDA:0,(anonymous_6)
DA:7,0
DA:10,0
DA:12,0
DA:13,0
DA:14,0
DA:16,0
DA:19,0
DA:20,0
DA:21,0
DA:25,0
DA:31,0
DA:32,0
DA:33,0
DA:35,0
DA:42,0
DA:45,0
DA:46,0
DA:48,0
DA:49,0
DA:55,0
DA:56,0
DA:63,0
DA:68,0
DA:69,0
DA:70,0
DA:71,0
DA:76,0
DA:79,0
DA:93,0
DA:101,0
DA:102,0
DA:110,0
DA:111,0
DA:113,0
DA:114,0
DA:120,0
DA:133,0
DA:134,0
DA:141,0
DA:146,0
DA:151,0
DA:152,0
DA:160,0
DA:161,0
DA:162,0
DA:164,0
DA:165,0
DA:171,0
DA:188,0
DA:193,0
DA:194,0
DA:202,0
DA:203,0
DA:204,0
DA:207,0
DA:208,0
DA:215,0
DA:216,0
DA:217,0
DA:218,0
DA:221,0
DA:223,0
DA:224,0
LF:63
LH:0
BRDA:13,0,0,0
BRDA:32,1,0,0
BRDA:32,1,1,0
BRDA:48,2,0,0
BRDA:55,3,0,0
BRDA:68,4,0,0
BRDA:70,5,0,0
BRDA:113,6,0,0
BRDA:133,7,0,0
BRDA:143,8,0,0
BRDA:143,8,1,0
BRDA:164,9,0,0
BRDA:174,10,0,0
BRDA:174,10,1,0
BRDA:207,11,0,0
BRF:15
BRH:0
end_of_record
TN:
SF:src\controllers\validationController.ts
FN:21,(anonymous_0)
FN:22,(anonymous_1)
FN:30,(anonymous_2)
FN:31,(anonymous_3)
FN:34,(anonymous_4)
FN:44,(anonymous_5)
FN:136,(anonymous_6)
FN:219,(anonymous_7)
FN:248,(anonymous_8)
FN:280,(anonymous_9)
FN:295,(anonymous_10)
FN:392,(anonymous_11)
FN:426,(anonymous_12)
FNF:13
FNH:0
FNDA:0,(anonymous_0)
FNDA:0,(anonymous_1)
FNDA:0,(anonymous_2)
FNDA:0,(anonymous_3)
FNDA:0,(anonymous_4)
FNDA:0,(anonymous_5)
FNDA:0,(anonymous_6)
FNDA:0,(anonymous_7)
FNDA:0,(anonymous_8)
FNDA:0,(anonymous_9)
FNDA:0,(anonymous_10)
FNDA:0,(anonymous_11)
FNDA:0,(anonymous_12)
DA:9,0
DA:21,0
DA:22,0
DA:25,0
DA:29,0
DA:30,0
DA:31,0
DA:35,0
DA:36,0
DA:37,0
DA:45,0
DA:46,0
DA:48,0
DA:51,0
DA:53,0
DA:54,0
DA:60,0
DA:61,0
DA:64,0
DA:65,0
DA:69,0
DA:105,0
DA:107,0
DA:122,0
DA:123,0
DA:129,0
DA:130,0
DA:137,0
DA:138,0
DA:140,0
DA:201,0
DA:202,0
DA:207,0
DA:212,0
DA:213,0
DA:220,0
DA:221,0
DA:222,0
DA:224,0
DA:225,0
DA:227,0
DA:233,0
DA:238,0
DA:242,0
DA:249,0
DA:250,0
DA:252,0
DA:267,0
DA:268,0
DA:273,0
DA:280,0
DA:281,0
DA:283,0
DA:288,0
DA:289,0
DA:296,0
DA:297,0
DA:300,0
DA:304,0
DA:305,0
DA:311,0
DA:315,0
DA:316,0
DA:322,0
DA:323,0
DA:329,0
DA:332,0
DA:338,0
DA:349,0
DA:373,0
DA:378,0
DA:379,0
DA:385,0
DA:386,0
DA:393,0
DA:394,0
DA:395,0
DA:397,0
DA:403,0
DA:408,0
DA:409,0
DA:415,0
DA:420,0
DA:427,0
DA:428,0
DA:431,0
DA:442,0
DA:443,0
DA:449,0
DA:450,0
DA:459,0
DA:465,0
DA:469,0
DA:471,0
DA:476,0
DA:481,0
LF:96
LH:0
BRDA:21,0,0,0
BRDA:21,0,1,0
BRDA:22,1,0,0
BRDA:22,1,1,0
BRDA:30,2,0,0
BRDA:30,2,1,0
BRDA:31,3,0,0
BRDA:31,3,1,0
BRDA:35,4,0,0
BRDA:36,5,0,0
BRDA:53,6,0,0
BRDA:60,7,0,0
BRDA:64,8,0,0
BRDA:122,9,0,0
BRDA:129,10,0,0
BRDA:129,10,1,0
BRDA:201,11,0,0
BRDA:212,12,0,0
BRDA:212,12,1,0
BRDA:224,13,0,0
BRDA:224,13,1,0
BRDA:225,14,0,0
BRDA:225,14,1,0
BRDA:239,15,0,0
BRDA:239,15,1,0
BRDA:267,16,0,0
BRDA:276,17,0,0
BRDA:276,17,1,0
BRDA:277,18,0,0
BRDA:277,18,1,0
BRDA:288,19,0,0
BRDA:288,19,1,0
BRDA:304,20,0,0
BRDA:315,21,0,0
BRDA:322,22,0,0
BRDA:329,23,0,0
BRDA:329,24,0,0
BRDA:329,24,1,0
BRDA:329,24,2,0
BRDA:378,25,0,0
BRDA:385,26,0,0
BRDA:385,26,1,0
BRDA:408,27,0,0
BRDA:416,28,0,0
BRDA:416,28,1,0
BRDA:442,29,0,0
BRDA:449,30,0,0
BRDA:477,31,0,0
BRDA:477,31,1,0
BRF:49
BRH:0
end_of_record
TN:
SF:src\lib\prisma.ts
FNF:0
FNH:0
DA:3,0
DA:7,0
DA:11,0
LF:3
LH:0
BRDA:7,0,0,0
BRDA:7,0,1,0
BRDA:8,1,0,0
BRDA:8,1,1,0
BRDA:11,2,0,0
BRF:5
BRH:0
end_of_record
TN:
SF:src\middleware\auth.ts
FN:22,(anonymous_0)
FN:72,(anonymous_1)
FN:95,(anonymous_2)
FNF:3
FNH:0
FNDA:0,(anonymous_0)
FNDA:0,(anonymous_1)
FNDA:0,(anonymous_2)
DA:8,0
DA:11,0
DA:22,0
DA:27,0
DA:28,0
DA:30,0
DA:31,0
DA:39,0
DA:42,0
DA:45,0
DA:47,0
DA:48,0
DA:50,0
DA:51,0
DA:53,0
DA:62,0
DA:69,0
DA:72,0
DA:77,0
DA:78,0
DA:81,0
DA:84,0
DA:85,0
DA:88,0
DA:91,0
DA:95,0
DA:100,0
DA:101,0
DA:103,0
DA:104,0
DA:105,0
DA:106,0
DA:107,0
DA:113,0
LF:34
LH:0
BRDA:30,0,0,0
BRDA:30,1,0,0
BRDA:30,1,1,0
BRDA:59,2,0,0
BRDA:59,2,1,0
BRDA:77,3,0,0
BRDA:84,4,0,0
BRDA:103,5,0,0
BRDA:103,6,0,0
BRDA:103,6,1,0
BRF:10
BRH:0
end_of_record
TN:
SF:src\middleware\cacheMiddleware.ts
FN:13,(anonymous_0)
FN:14,(anonymous_1)
FN:44,(anonymous_2)
FN:48,(anonymous_3)
FN:64,(anonymous_4)
FN:65,(anonymous_5)
FN:71,(anonymous_6)
FN:86,(anonymous_7)
FN:91,(anonymous_8)
FN:103,(anonymous_9)
FN:111,(anonymous_10)
FN:119,(anonymous_11)
FN:127,(anonymous_12)
FN:135,(anonymous_13)
FN:140,(anonymous_14)
FN:145,(anonymous_15)
FN:150,(anonymous_16)
FN:179,(anonymous_17)
FN:204,(anonymous_18)
FN:209,(anonymous_19)
FNF:20
FNH:0
FNDA:0,(anonymous_0)
FNDA:0,(anonymous_1)
FNDA:0,(anonymous_2)
FNDA:0,(anonymous_3)
FNDA:0,(anonymous_4)
FNDA:0,(anonymous_5)
FNDA:0,(anonymous_6)
FNDA:0,(anonymous_7)
FNDA:0,(anonymous_8)
FNDA:0,(anonymous_9)
FNDA:0,(anonymous_10)
FNDA:0,(anonymous_11)
FNDA:0,(anonymous_12)
FNDA:0,(anonymous_13)
FNDA:0,(anonymous_14)
FNDA:0,(anonymous_15)
FNDA:0,(anonymous_16)
FNDA:0,(anonymous_17)
FNDA:0,(anonymous_18)
FNDA:0,(anonymous_19)
DA:13,0
DA:14,0
DA:16,0
DA:17,0
DA:21,0
DA:22,0
DA:25,0
DA:27,0
DA:32,0
DA:34,0
DA:35,0
DA:36,0
DA:40,0
DA:43,0
DA:44,0
DA:46,0
DA:47,0
DA:48,0
DA:49,0
DA:52,0
DA:55,0
DA:57,0
DA:58,0
DA:64,0
DA:65,0
DA:67,0
DA:68,0
DA:71,0
DA:72,0
DA:73,0
DA:74,0
DA:75,0
DA:76,0
DA:77,0
DA:81,0
DA:86,0
DA:87,0
DA:88,0
DA:91,0
DA:92,0
DA:93,0
DA:96,0
DA:101,0
DA:104,0
DA:105,0
DA:109,0
DA:112,0
DA:113,0
DA:117,0
DA:120,0
DA:121,0
DA:125,0
DA:128,0
DA:129,0
DA:133,0
DA:135,0
DA:138,0
DA:140,0
DA:143,0
DA:145,0
DA:148,0
DA:150,0
DA:154,0
DA:161,0
DA:167,0
DA:173,0
DA:179,0
DA:180,0
DA:181,0
DA:182,0
DA:185,0
DA:186,0
DA:187,0
DA:190,0
DA:191,0
DA:192,0
DA:193,0
DA:196,0
DA:198,0
DA:199,0
DA:204,0
DA:209,0
DA:210,0
DA:211,0
DA:215,0
DA:222,0
DA:228,0
DA:229,0
DA:236,0
DA:238,0
DA:239,0
LF:91
LH:0
BRDA:13,0,0,0
BRDA:16,1,0,0
BRDA:21,2,0,0
BRDA:21,3,0,0
BRDA:21,3,1,0
BRDA:27,4,0,0
BRDA:27,4,1,0
BRDA:34,5,0,0
BRDA:46,6,0,0
BRDA:46,7,0,0
BRDA:46,7,1,0
BRDA:47,8,0,0
BRDA:47,8,1,0
BRDA:72,9,0,0
BRDA:72,10,0,0
BRDA:72,10,1,0
BRDA:76,11,0,0
BRDA:104,12,0,0
BRDA:104,13,0,0
BRDA:105,14,0,0
BRDA:105,14,1,0
BRDA:105,15,0,0
BRDA:105,15,1,0
BRDA:105,16,0,0
BRDA:105,16,1,0
BRDA:112,17,0,0
BRDA:112,18,0,0
BRDA:113,19,0,0
BRDA:113,19,1,0
BRDA:113,20,0,0
BRDA:113,20,1,0
BRDA:120,21,0,0
BRDA:120,22,0,0
BRDA:121,23,0,0
BRDA:121,23,1,0
BRDA:121,24,0,0
BRDA:121,24,1,0
BRDA:128,25,0,0
BRDA:128,26,0,0
BRDA:129,27,0,0
BRDA:129,27,1,0
BRDA:129,28,0,0
BRDA:129,28,1,0
BRDA:181,29,0,0
BRDA:191,30,0,0
BRDA:211,31,0,0
BRDA:211,31,1,0
BRDA:228,32,0,0
BRF:48
BRH:0
end_of_record
TN:
SF:src\middleware\metricsMiddleware.ts
FN:12,(anonymous_0)
FN:16,(anonymous_1)
FN:38,(anonymous_2)
FN:65,(anonymous_3)
FN:83,(anonymous_4)
FN:105,(anonymous_5)
FN:122,(anonymous_6)
FN:155,(anonymous_7)
FNF:8
FNH:0
FNDA:0,(anonymous_0)
FNDA:0,(anonymous_1)
FNDA:0,(anonymous_2)
FNDA:0,(anonymous_3)
FNDA:0,(anonymous_4)
FNDA:0,(anonymous_5)
FNDA:0,(anonymous_6)
FNDA:0,(anonymous_7)
DA:12,0
DA:13,0
DA:16,0
DA:17,0
DA:18,0
DA:20,0
DA:21,0
DA:24,0
DA:27,0
DA:37,0
DA:38,0
DA:39,0
DA:40,0
DA:41,0
DA:44,0
DA:47,0
DA:48,0
DA:59,0
DA:62,0
DA:65,0
DA:67,0
DA:71,0
DA:82,0
DA:83,0
DA:85,0
DA:87,0
DA:101,0
DA:105,0
DA:106,0
DA:107,0
DA:110,0
DA:111,0
DA:113,0
DA:114,0
DA:115,0
DA:119,0
DA:122,0
DA:123,0
DA:126,0
DA:129,0
DA:151,0
DA:155,0
DA:156,0
DA:157,0
DA:159,0
DA:160,0
DA:161,0
DA:165,0
LF:48
LH:0
BRDA:47,0,0,0
BRDA:47,0,1,0
BRDA:54,1,0,0
BRDA:54,1,1,0
BRDA:82,2,0,0
BRDA:82,2,1,0
BRDA:85,3,0,0
BRDA:90,4,0,0
BRDA:90,4,1,0
BRDA:91,5,0,0
BRDA:91,5,1,0
BRDA:95,6,0,0
BRDA:95,6,1,0
BRDA:106,7,0,0
BRDA:106,8,0,0
BRDA:106,8,1,0
BRDA:114,9,0,0
BRDA:123,10,0,0
BRDA:123,10,1,0
BRDA:145,11,0,0
BRDA:145,11,1,0
BRDA:146,12,0,0
BRDA:146,12,1,0
BRDA:160,13,0,0
BRF:24
BRH:0
end_of_record
TN:
SF:src\middleware\rateLimitMiddleware.ts
FN:6,(anonymous_0)
FN:12,(anonymous_1)
FN:52,(anonymous_2)
FN:53,(anonymous_3)
FN:78,(anonymous_4)
FN:105,(anonymous_5)
FN:138,(anonymous_6)
FN:145,(anonymous_7)
FNF:8
FNH:0
FNDA:0,(anonymous_0)
FNDA:0,(anonymous_1)
FNDA:0,(anonymous_2)
FNDA:0,(anonymous_3)
FNDA:0,(anonymous_4)
FNDA:0,(anonymous_5)
FNDA:0,(anonymous_6)
FNDA:0,(anonymous_7)
DA:6,0
DA:7,0
DA:8,0
DA:12,0
DA:13,0
DA:14,0
DA:16,0
DA:27,0
DA:35,0
DA:49,0
DA:52,0
DA:54,0
DA:63,0
DA:74,0
DA:79,0
DA:81,0
DA:90,0
DA:101,0
DA:106,0
DA:108,0
DA:117,0
DA:128,0
DA:138,0
DA:139,0
DA:145,0
LF:25
LH:0
BRDA:8,0,0,0
BRDA:8,0,1,0
BRDA:13,1,0,0
BRDA:13,1,1,0
BRDA:14,2,0,0
BRDA:14,2,1,0
BRDA:79,3,0,0
BRDA:79,3,1,0
BRDA:106,4,0,0
BRDA:106,4,1,0
BRF:10
BRH:0
end_of_record
TN:
SF:src\routes\auth.ts
FNF:0
FNH:0
DA:5,0
DA:6,0
DA:9,0
DA:10,0
DA:13,0
DA:14,0
DA:15,0
LF:7
LH:0
BRF:0
BRH:0
end_of_record
TN:
SF:src\routes\clients.ts
FNF:0
FNH:0
DA:10,0
DA:11,0
DA:14,0
DA:17,0
DA:20,0
DA:23,0
DA:26,0
DA:29,0
LF:8
LH:0
BRF:0
BRH:0
end_of_record
TN:
SF:src\routes\editorTemplates.ts
FNF:0
FNH:0
DA:5,0
DA:6,0
DA:9,0
DA:12,0
DA:15,0
DA:18,0
DA:21,0
DA:24,0
DA:27,0
DA:30,0
DA:33,0
DA:36,0
LF:12
LH:0
BRF:0
BRH:0
end_of_record
TN:
SF:src\routes\files.ts
FN:12,(anonymous_0)
FN:13,(anonymous_1)
FNF:2
FNH:0
FNDA:0,(anonymous_0)
FNDA:0,(anonymous_1)
DA:5,0
DA:6,0
DA:9,0
DA:12,0
DA:13,0
DA:14,0
DA:15,0
DA:17,0
DA:22,0
DA:25,0
LF:10
LH:0
BRDA:14,0,0,0
BRF:1
BRH:0
end_of_record
TN:
SF:src\routes\index.ts
FN:38,(anonymous_0)
FN:48,(anonymous_1)
FNF:2
FNH:0
FNDA:0,(anonymous_0)
FNDA:0,(anonymous_1)
DA:18,0
DA:21,0
DA:22,0
DA:23,0
DA:24,0
DA:25,0
DA:26,0
DA:27,0
DA:28,0
DA:29,0
DA:30,0
DA:31,0
DA:32,0
DA:33,0
DA:34,0
DA:35,0
DA:38,0
DA:39,0
DA:48,0
DA:49,0
LF:20
LH:0
BRF:0
BRH:0
end_of_record
TN:
SF:src\routes\monitoring.ts
FN:19,(anonymous_0)
FN:37,(anonymous_1)
FN:62,(anonymous_2)
FN:95,(anonymous_3)
FN:140,(anonymous_4)
FN:176,(anonymous_5)
FN:183,(anonymous_6)
FNF:7
FNH:0
FNDA:0,(anonymous_0)
FNDA:0,(anonymous_1)
FNDA:0,(anonymous_2)
FNDA:0,(anonymous_3)
FNDA:0,(anonymous_4)
FNDA:0,(anonymous_5)
FNDA:0,(anonymous_6)
DA:8,0
DA:11,0
DA:12,0
DA:13,0
DA:16,0
DA:19,0
DA:20,0
DA:21,0
DA:22,0
DA:24,0
DA:29,0
DA:30,0
DA:37,0
DA:38,0
DA:39,0
DA:41,0
DA:42,0
DA:48,0
DA:54,0
DA:55,0
DA:62,0
DA:63,0
DA:64,0
DA:66,0
DA:67,0
DA:72,0
DA:74,0
DA:75,0
DA:80,0
DA:86,0
DA:87,0
DA:95,0
DA:96,0
DA:106,0
DA:108,0
DA:110,0
DA:111,0
DA:112,0
DA:113,0
DA:115,0
DA:116,0
DA:119,0
DA:120,0
DA:123,0
DA:129,0
DA:131,0
DA:132,0
DA:140,0
DA:141,0
DA:142,0
DA:143,0
DA:145,0
DA:167,0
DA:168,0
DA:176,0
DA:177,0
DA:183,0
DA:184,0
DA:185,0
DA:187,0
DA:189,0
DA:190,0
DA:196,0
DA:198,0
DA:203,0
DA:209,0
DA:210,0
LF:67
LH:0
BRDA:32,0,0,0
BRDA:32,0,1,0
BRDA:41,1,0,0
BRDA:41,1,1,0
BRDA:57,2,0,0
BRDA:57,2,1,0
BRDA:66,3,0,0
BRDA:74,4,0,0
BRDA:74,4,1,0
BRDA:89,5,0,0
BRDA:89,5,1,0
BRDA:104,6,0,0
BRDA:105,7,0,0
BRDA:110,8,0,0
BRDA:111,9,0,0
BRDA:112,10,0,0
BRDA:113,11,0,0
BRDA:115,12,0,0
BRDA:119,13,0,0
BRDA:134,14,0,0
BRDA:134,14,1,0
BRDA:164,15,0,0
BRDA:164,15,1,0
BRDA:170,16,0,0
BRDA:170,16,1,0
BRDA:189,17,0,0
BRDA:189,18,0,0
BRDA:189,18,1,0
BRDA:200,19,0,0
BRDA:200,19,1,0
BRDA:212,20,0,0
BRDA:212,20,1,0
BRF:32
BRH:0
end_of_record
TN:
SF:src\routes\reportRoutes.ts
FNF:0
FNH:0
DA:5,0
DA:8,0
DA:11,0
DA:12,0
DA:13,0
DA:14,0
DA:15,0
DA:16,0
LF:8
LH:0
BRF:0
BRH:0
end_of_record
TN:
SF:src\routes\reportTemplates.ts
FNF:0
FNH:0
DA:5,0
DA:6,0
DA:9,0
DA:12,0
DA:15,0
DA:18,0
DA:21,0
DA:24,0
DA:27,0
DA:30,0
DA:33,0
DA:36,0
LF:12
LH:0
BRF:0
BRH:0
end_of_record
TN:
SF:src\routes\reports.ts
FNF:0
FNH:0
DA:5,0
DA:8,0
DA:11,0
DA:14,0
DA:17,0
DA:20,0
DA:23,0
DA:26,0
LF:8
LH:0
BRF:0
BRH:0
end_of_record
TN:
SF:src\routes\sensorTypes.ts
FNF:0
FNH:0
DA:5,0
DA:6,0
DA:9,0
DA:12,0
DA:15,0
DA:18,0
DA:21,0
DA:24,0
LF:8
LH:0
BRF:0
BRH:0
end_of_record
TN:
SF:src\routes\sensors.ts
FNF:0
FNH:0
DA:5,0
DA:6,0
DA:9,0
DA:12,0
DA:15,0
DA:18,0
DA:21,0
DA:24,0
LF:8
LH:0
BRF:0
BRH:0
end_of_record
TN:
SF:src\routes\suitcases.ts
FNF:0
FNH:0
DA:5,0
DA:6,0
DA:9,0
DA:12,0
DA:15,0
DA:18,0
DA:21,0
DA:24,0
LF:8
LH:0
BRF:0
BRH:0
end_of_record
TN:
SF:src\routes\templateEditor.ts
FNF:0
FNH:0
DA:5,0
DA:11,0
DA:14,0
DA:17,0
DA:18,0
DA:19,0
LF:6
LH:0
BRF:0
BRH:0
end_of_record
TN:
SF:src\routes\test.ts
FNF:0
FNH:0
DA:5,0
DA:8,0
DA:9,0
DA:10,0
DA:11,0
DA:14,0
DA:15,0
DA:16,0
DA:17,0
LF:9
LH:0
BRF:0
BRH:0
end_of_record
TN:
SF:src\routes\uploads.ts
FN:13,(anonymous_0)
FN:20,(anonymous_1)
FN:33,(anonymous_2)
FN:47,(anonymous_3)
FN:87,(anonymous_4)
FN:100,(anonymous_5)
FN:105,(anonymous_6)
FN:121,(anonymous_7)
FN:138,(anonymous_8)
FN:145,(anonymous_9)
FNF:10
FNH:0
FNDA:0,(anonymous_0)
FNDA:0,(anonymous_1)
FNDA:0,(anonymous_2)
FNDA:0,(anonymous_3)
FNDA:0,(anonymous_4)
FNDA:0,(anonymous_5)
FNDA:0,(anonymous_6)
FNDA:0,(anonymous_7)
FNDA:0,(anonymous_8)
FNDA:0,(anonymous_9)
DA:9,0
DA:12,0
DA:14,0
DA:15,0
DA:16,0
DA:18,0
DA:22,0
DA:23,0
DA:24,0
DA:28,0
DA:35,0
DA:36,0
DA:38,0
DA:44,0
DA:47,0
DA:48,0
DA:49,0
DA:50,0
DA:54,0
DA:58,0
DA:59,0
DA:61,0
DA:63,0
DA:78,0
DA:79,0
DA:87,0
DA:88,0
DA:89,0
DA:91,0
DA:92,0
DA:96,0
DA:99,0
DA:100,0
DA:101,0
DA:102,0
DA:105,0
DA:106,0
DA:107,0
DA:108,0
DA:110,0
DA:121,0
DA:123,0
DA:129,0
DA:130,0
DA:138,0
DA:139,0
DA:140,0
DA:141,0
DA:144,0
DA:145,0
DA:146,0
DA:147,0
DA:150,0
DA:151,0
DA:155,0
DA:158,0
DA:159,0
DA:161,0
DA:163,0
DA:169,0
DA:170,0
LF:61
LH:0
BRDA:15,0,0,0
BRDA:35,1,0,0
BRDA:35,1,1,0
BRDA:49,2,0,0
BRDA:91,3,0,0
BRDA:150,4,0,0
BRF:6
BRH:0
end_of_record
TN:
SF:src\routes\users.ts
FNF:0
FNH:0
DA:5,0
DA:8,0
DA:11,0
DA:14,0
DA:17,0
DA:20,0
LF:6
LH:0
BRF:0
BRH:0
end_of_record
TN:
SF:src\routes\validations.ts
FNF:0
FNH:0
DA:5,0
DA:6,0
DA:9,0
DA:12,0
DA:15,0
DA:18,0
DA:21,0
DA:24,0
DA:27,0
DA:30,0
LF:10
LH:0
BRF:0
BRH:0
end_of_record
TN:
SF:src\services\auditService.ts
FN:22,(anonymous_0)
FN:66,(anonymous_1)
FN:93,(anonymous_2)
FN:119,(anonymous_3)
FN:132,(anonymous_4)
FN:144,(anonymous_5)
FN:166,(anonymous_6)
FN:190,(anonymous_7)
FN:212,(anonymous_8)
FN:238,(anonymous_9)
FN:264,(anonymous_10)
FN:288,(anonymous_11)
FN:324,(anonymous_12)
FNF:13
FNH:0
FNDA:0,(anonymous_0)
FNDA:0,(anonymous_1)
FNDA:0,(anonymous_2)
FNDA:0,(anonymous_3)
FNDA:0,(anonymous_4)
FNDA:0,(anonymous_5)
FNDA:0,(anonymous_6)
FNDA:0,(anonymous_7)
FNDA:0,(anonymous_8)
FNDA:0,(anonymous_9)
FNDA:0,(anonymous_10)
FNDA:0,(anonymous_11)
FNDA:0,(anonymous_12)
DA:4,0
DA:23,0
DA:25,0
DA:40,0
DA:59,0
DA:78,0
DA:104,0
DA:120,0
DA:133,0
DA:153,0
DA:176,0
DA:199,0
DA:222,0
DA:248,0
DA:272,0
DA:300,0
DA:302,0
DA:303,0
DA:304,0
DA:305,0
DA:307,0
DA:308,0
DA:309,0
DA:310,0
DA:313,0
DA:323,0
DA:324,0
LF:27
LH:0
BRDA:44,0,0,0
BRDA:44,0,1,0
BRDA:45,1,0,0
BRDA:45,1,1,0
BRDA:46,2,0,0
BRDA:46,2,1,0
BRDA:47,3,0,0
BRDA:47,3,1,0
BRDA:48,4,0,0
BRDA:48,4,1,0
BRDA:49,5,0,0
BRDA:49,5,1,0
BRDA:50,6,0,0
BRDA:50,6,1,0
BRDA:51,7,0,0
BRDA:51,7,1,0
BRDA:53,8,0,0
BRDA:53,8,1,0
BRDA:61,9,0,0
BRDA:61,9,1,0
BRDA:119,10,0,0
BRDA:219,11,0,0
BRDA:245,12,0,0
BRDA:289,13,0,0
BRDA:297,14,0,0
BRDA:298,15,0,0
BRDA:302,16,0,0
BRDA:303,17,0,0
BRDA:304,18,0,0
BRDA:305,19,0,0
BRDA:307,20,0,0
BRDA:307,21,0,0
BRDA:307,21,1,0
BRDA:309,22,0,0
BRDA:310,23,0,0
BRDA:326,24,0,0
BRDA:326,24,1,0
BRDA:327,25,0,0
BRDA:327,25,1,0
BRDA:328,26,0,0
BRDA:328,26,1,0
BRF:41
BRH:0
end_of_record
TN:
SF:src\services\authService.ts
FN:6,(anonymous_0)
FN:11,(anonymous_1)
FN:54,(anonymous_2)
FN:80,(anonymous_3)
FN:89,(anonymous_4)
FN:109,(anonymous_5)
FN:115,(anonymous_6)
FN:121,(anonymous_7)
FN:126,(anonymous_8)
FNF:9
FNH:0
FNDA:0,(anonymous_0)
FNDA:0,(anonymous_1)
FNDA:0,(anonymous_2)
FNDA:0,(anonymous_3)
FNDA:0,(anonymous_4)
FNDA:0,(anonymous_5)
FNDA:0,(anonymous_6)
FNDA:0,(anonymous_7)
FNDA:0,(anonymous_8)
DA:7,0
DA:8,0
DA:9,0
DA:12,0
DA:15,0
DA:19,0
DA:20,0
DA:24,0
DA:25,0
DA:26,0
DA:30,0
DA:36,0
DA:42,0
DA:55,0
DA:56,0
DA:59,0
DA:63,0
DA:64,0
DA:68,0
DA:74,0
DA:76,0
DA:81,0
DA:82,0
DA:83,0
DA:85,0
DA:90,0
DA:102,0
DA:103,0
DA:106,0
DA:110,0
DA:116,0
DA:122,0
DA:123,0
DA:127,0
LF:34
LH:0
BRDA:7,0,0,0
BRDA:7,0,1,0
BRDA:8,1,0,0
BRDA:8,1,1,0
BRDA:19,2,0,0
BRDA:25,3,0,0
BRDA:63,4,0,0
BRDA:102,5,0,0
BRF:8
BRH:0
end_of_record
TN:
SF:src\services\backupService.ts
FN:14,(anonymous_0)
FN:21,(anonymous_1)
FN:27,(anonymous_2)
FN:35,(anonymous_3)
FN:97,(anonymous_4)
FN:104,(anonymous_5)
FN:105,(anonymous_6)
FN:110,(anonymous_7)
FN:156,(anonymous_8)
FN:169,(anonymous_9)
FN:170,(anonymous_10)
FN:182,(anonymous_11)
FN:195,(anonymous_12)
FN:252,(anonymous_13)
FNF:14
FNH:0
FNDA:0,(anonymous_0)
FNDA:0,(anonymous_1)
FNDA:0,(anonymous_2)
FNDA:0,(anonymous_3)
FNDA:0,(anonymous_4)
FNDA:0,(anonymous_5)
FNDA:0,(anonymous_6)
FNDA:0,(anonymous_7)
FNDA:0,(anonymous_8)
FNDA:0,(anonymous_9)
FNDA:0,(anonymous_10)
FNDA:0,(anonymous_11)
FNDA:0,(anonymous_12)
FNDA:0,(anonymous_13)
DA:8,0
DA:11,0
DA:12,0
DA:16,0
DA:17,0
DA:21,0
DA:22,0
DA:23,0
DA:27,0
DA:28,0
DA:29,0
DA:32,0
DA:36,0
DA:37,0
DA:38,0
DA:39,0
DA:41,0
DA:42,0
DA:43,0
DA:47,0
DA:48,0
DA:49,0
DA:50,0
DA:51,0
DA:52,0
DA:55,0
DA:61,0
DA:63,0
DA:70,0
DA:71,0
DA:72,0
DA:75,0
DA:76,0
DA:78,0
DA:85,0
DA:88,0
DA:93,0
DA:98,0
DA:99,0
DA:100,0
DA:103,0
DA:104,0
DA:105,0
DA:110,0
DA:112,0
DA:113,0
DA:117,0
DA:120,0
DA:121,0
DA:122,0
DA:124,0
DA:125,0
DA:126,0
DA:127,0
DA:128,0
DA:130,0
DA:135,0
DA:142,0
DA:149,0
DA:163,0
DA:164,0
DA:165,0
DA:168,0
DA:169,0
DA:171,0
DA:172,0
DA:174,0
DA:182,0
DA:184,0
DA:187,0
DA:191,0
DA:196,0
DA:197,0
DA:198,0
DA:201,0
DA:202,0
DA:203,0
DA:207,0
DA:208,0
DA:209,0
DA:210,0
DA:211,0
DA:212,0
DA:215,0
DA:221,0
DA:223,0
DA:230,0
DA:231,0
DA:232,0
DA:234,0
DA:239,0
DA:242,0
DA:248,0
DA:258,0
LF:94
LH:0
BRDA:16,0,0,0
BRDA:42,1,0,0
BRDA:49,2,0,0
BRDA:49,2,1,0
BRDA:89,3,0,0
BRDA:89,3,1,0
BRDA:90,4,0,0
BRDA:90,4,1,0
BRDA:99,5,0,0
BRDA:104,6,0,0
BRDA:104,6,1,0
BRDA:112,7,0,0
BRDA:137,8,0,0
BRDA:137,8,1,0
BRDA:150,9,0,0
BRDA:150,9,1,0
BRDA:151,10,0,0
BRDA:151,10,1,0
BRDA:164,11,0,0
BRDA:169,12,0,0
BRDA:169,12,1,0
BRDA:188,13,0,0
BRDA:188,13,1,0
BRDA:197,14,0,0
BRDA:202,15,0,0
BRDA:209,16,0,0
BRDA:209,16,1,0
BRDA:244,17,0,0
BRDA:244,17,1,0
BRDA:245,18,0,0
BRDA:245,18,1,0
BRF:31
BRH:0
end_of_record
TN:
SF:src\services\fastReportService.ts
FN:85,(anonymous_0)
FN:97,(anonymous_1)
FN:107,(anonymous_2)
FN:137,(anonymous_3)
FN:156,(anonymous_4)
FN:183,(anonymous_5)
FN:200,(anonymous_6)
FN:213,(anonymous_7)
FN:230,(anonymous_8)
FN:285,(anonymous_9)
FN:294,(anonymous_10)
FN:354,(anonymous_11)
FN:366,(anonymous_12)
FN:378,(anonymous_13)
FN:382,(anonymous_14)
FNF:15
FNH:0
FNDA:0,(anonymous_0)
FNDA:0,(anonymous_1)
FNDA:0,(anonymous_2)
FNDA:0,(anonymous_3)
FNDA:0,(anonymous_4)
FNDA:0,(anonymous_5)
FNDA:0,(anonymous_6)
FNDA:0,(anonymous_7)
FNDA:0,(anonymous_8)
FNDA:0,(anonymous_9)
FNDA:0,(anonymous_10)
FNDA:0,(anonymous_11)
FNDA:0,(anonymous_12)
FNDA:0,(anonymous_13)
FNDA:0,(anonymous_14)
DA:8,0
DA:86,0
DA:94,0
DA:98,0
DA:99,0
DA:100,0
DA:101,0
DA:103,0
DA:112,0
DA:114,0
DA:118,0
DA:119,0
DA:122,0
DA:123,0
DA:127,0
DA:130,0
DA:137,0
DA:139,0
DA:145,0
DA:147,0
DA:152,0
DA:160,0
DA:162,0
DA:166,0
DA:167,0
DA:171,0
DA:172,0
DA:175,0
DA:183,0
DA:185,0
DA:190,0
DA:192,0
DA:196,0
DA:201,0
DA:204,0
DA:213,0
DA:226,0
DA:227,0
DA:236,0
DA:240,0
DA:243,0
DA:244,0
DA:245,0
DA:247,0
DA:252,0
DA:254,0
DA:257,0
DA:259,0
DA:260,0
DA:264,0
DA:265,0
DA:268,0
DA:270,0
DA:271,0
DA:276,0
DA:277,0
DA:279,0
DA:282,0
DA:286,0
DA:287,0
DA:288,0
DA:290,0
DA:296,0
DA:350,0
DA:351,0
DA:355,0
DA:356,0
DA:357,0
DA:359,0
DA:367,0
DA:368,0
DA:370,0
DA:374,0
DA:379,0
DA:383,0
DA:384,0
DA:385,0
DA:388,0
DA:389,0
DA:391,0
DA:396,0
LF:81
LH:0
BRDA:87,0,0,0
BRDA:87,0,1,0
BRDA:88,1,0,0
BRDA:88,1,1,0
BRDA:89,2,0,0
BRDA:89,2,1,0
BRDA:90,3,0,0
BRDA:90,3,1,0
BRDA:118,4,0,0
BRDA:122,5,0,0
BRDA:148,6,0,0
BRDA:148,6,1,0
BRDA:166,7,0,0
BRDA:193,8,0,0
BRDA:193,8,1,0
BRDA:234,9,0,0
BRDA:236,10,0,0
BRDA:236,10,1,0
BRDA:252,11,0,0
BRDA:252,11,1,0
BRDA:252,12,0,0
BRDA:252,12,1,0
BRDA:264,13,0,0
BRDA:360,14,0,0
BRDA:360,14,1,0
BRDA:371,15,0,0
BRDA:371,15,1,0
BRDA:389,16,0,0
BRDA:389,16,1,0
BRF:29
BRH:0
end_of_record
TN:
SF:src\services\fileProcessorService.ts
FN:26,(anonymous_0)
FN:29,(anonymous_1)
FN:49,(anonymous_2)
FN:61,(anonymous_3)
FN:65,(anonymous_4)
FN:114,(anonymous_5)
FN:115,(anonymous_6)
FN:124,(anonymous_7)
FN:185,(anonymous_8)
FN:199,(anonymous_9)
FN:209,(anonymous_10)
FN:211,(anonymous_11)
FN:220,(anonymous_12)
FN:228,(anonymous_13)
FN:265,(anonymous_14)
FN:326,(anonymous_15)
FN:334,(anonymous_16)
FN:343,(anonymous_17)
FN:396,(anonymous_18)
FN:404,(anonymous_19)
FN:417,(anonymous_20)
FN:422,(anonymous_21)
FNF:22
FNH:0
FNDA:0,(anonymous_0)
FNDA:0,(anonymous_1)
FNDA:0,(anonymous_2)
FNDA:0,(anonymous_3)
FNDA:0,(anonymous_4)
FNDA:0,(anonymous_5)
FNDA:0,(anonymous_6)
FNDA:0,(anonymous_7)
FNDA:0,(anonymous_8)
FNDA:0,(anonymous_9)
FNDA:0,(anonymous_10)
FNDA:0,(anonymous_11)
FNDA:0,(anonymous_12)
FNDA:0,(anonymous_13)
FNDA:0,(anonymous_14)
FNDA:0,(anonymous_15)
FNDA:0,(anonymous_16)
FNDA:0,(anonymous_17)
FNDA:0,(anonymous_18)
FNDA:0,(anonymous_19)
FNDA:0,(anonymous_20)
FNDA:0,(anonymous_21)
DA:27,0
DA:34,0
DA:36,0
DA:46,0
DA:49,0
DA:50,0
DA:51,0
DA:52,0
DA:53,0
DA:54,0
DA:58,0
DA:62,0
DA:66,0
DA:67,0
DA:69,0
DA:70,0
DA:72,0
DA:74,0
DA:89,0
DA:90,0
DA:94,0
DA:95,0
DA:96,0
DA:97,0
DA:99,0
DA:108,0
DA:109,0
DA:111,0
DA:114,0
DA:115,0
DA:118,0
DA:119,0
DA:120,0
DA:128,0
DA:135,0
DA:137,0
DA:140,0
DA:142,0
DA:143,0
DA:144,0
DA:147,0
DA:148,0
DA:151,0
DA:157,0
DA:158,0
DA:159,0
DA:163,0
DA:165,0
DA:166,0
DA:168,0
DA:175,0
DA:176,0
DA:182,0
DA:186,0
DA:188,0
DA:191,0
DA:193,0
DA:195,0
DA:200,0
DA:201,0
DA:203,0
DA:204,0
DA:205,0
DA:208,0
DA:209,0
DA:210,0
DA:211,0
DA:212,0
DA:214,0
DA:217,0
DA:221,0
DA:222,0
DA:234,0
DA:235,0
DA:236,0
DA:238,0
DA:239,0
DA:244,0
DA:245,0
DA:249,0
DA:250,0
DA:251,0
DA:253,0
DA:254,0
DA:255,0
DA:256,0
DA:262,0
DA:270,0
DA:271,0
DA:274,0
DA:275,0
DA:277,0
DA:278,0
DA:279,0
DA:281,0
DA:283,0
DA:284,0
DA:286,0
DA:287,0
DA:291,0
DA:292,0
DA:293,0
DA:294,0
DA:298,0
DA:299,0
DA:301,0
DA:302,0
DA:305,0
DA:314,0
DA:323,0
DA:327,0
DA:328,0
DA:329,0
DA:331,0
DA:335,0
DA:336,0
DA:339,0
DA:340,0
DA:344,0
DA:345,0
DA:349,0
DA:351,0
DA:352,0
DA:353,0
DA:357,0
DA:360,0
DA:361,0
DA:362,0
DA:366,0
DA:372,0
DA:373,0
DA:374,0
DA:375,0
DA:377,0
DA:378,0
DA:382,0
DA:383,0
DA:387,0
DA:388,0
DA:393,0
DA:398,0
DA:400,0
DA:401,0
DA:403,0
DA:404,0
DA:418,0
DA:423,0
DA:425,0
DA:426,0
DA:427,0
DA:433,0
LF:151
LH:0
BRDA:52,0,0,0
BRDA:62,1,0,0
BRDA:62,1,1,0
BRDA:67,2,0,0
BRDA:89,3,0,0
BRDA:103,4,0,0
BRDA:103,4,1,0
BRDA:120,5,0,0
BRDA:120,5,1,0
BRDA:142,6,0,0
BRDA:157,7,0,0
BRDA:175,8,0,0
BRDA:175,8,1,0
BRDA:178,9,0,0
BRDA:178,9,1,0
BRDA:188,10,0,0
BRDA:188,10,1,0
BRDA:188,10,2,0
BRDA:188,10,3,0
BRDA:204,11,0,0
BRDA:238,12,0,0
BRDA:244,13,0,0
BRDA:255,14,0,0
BRDA:255,15,0,0
BRDA:255,15,1,0
BRDA:286,16,0,0
BRDA:292,17,0,0
BRDA:301,18,0,0
BRDA:317,19,0,0
BRDA:317,19,1,0
BRDA:335,20,0,0
BRDA:335,21,0,0
BRDA:335,21,1,0
BRDA:335,21,2,0
BRDA:340,22,0,0
BRDA:340,22,1,0
BRDA:344,23,0,0
BRDA:344,24,0,0
BRDA:344,24,1,0
BRDA:344,24,2,0
BRDA:349,25,0,0
BRDA:353,26,0,0
BRDA:353,26,1,0
BRDA:361,27,0,0
BRDA:374,28,0,0
BRDA:375,29,0,0
BRDA:375,29,1,0
BRDA:377,30,0,0
BRDA:377,31,0,0
BRDA:377,32,0,0
BRDA:382,33,0,0
BRDA:382,34,0,0
BRDA:382,35,0,0
BRDA:387,36,0,0
BRDA:422,37,0,0
BRDA:426,38,0,0
BRF:56
BRH:0
end_of_record
TN:
SF:src\services\performanceService.ts
FN:37,(anonymous_0)
FN:45,(anonymous_1)
FN:82,(anonymous_2)
FN:101,(anonymous_3)
FN:112,(anonymous_4)
FN:122,(anonymous_5)
FN:135,(anonymous_6)
FN:138,(anonymous_7)
FN:159,(anonymous_8)
FN:160,(anonymous_9)
FN:162,(anonymous_10)
FN:163,(anonymous_11)
FN:168,(anonymous_12)
FN:170,(anonymous_13)
FN:175,(anonymous_14)
FN:176,(anonymous_15)
FN:177,(anonymous_16)
FN:188,(anonymous_17)
FN:198,(anonymous_18)
FN:200,(anonymous_19)
FN:202,(anonymous_20)
FN:206,(anonymous_21)
FN:213,(anonymous_22)
FN:216,(anonymous_23)
FN:217,(anonymous_24)
FN:221,(anonymous_25)
FN:225,(anonymous_26)
FN:226,(anonymous_27)
FN:231,(anonymous_28)
FN:233,(anonymous_29)
FN:235,(anonymous_30)
FN:272,(anonymous_31)
FN:276,(anonymous_32)
FN:287,(anonymous_33)
FN:300,(anonymous_34)
FN:332,(anonymous_35)
FN:351,(anonymous_36)
FN:354,(anonymous_37)
FNF:38
FNH:0
FNDA:0,(anonymous_0)
FNDA:0,(anonymous_1)
FNDA:0,(anonymous_2)
FNDA:0,(anonymous_3)
FNDA:0,(anonymous_4)
FNDA:0,(anonymous_5)
FNDA:0,(anonymous_6)
FNDA:0,(anonymous_7)
FNDA:0,(anonymous_8)
FNDA:0,(anonymous_9)
FNDA:0,(anonymous_10)
FNDA:0,(anonymous_11)
FNDA:0,(anonymous_12)
FNDA:0,(anonymous_13)
FNDA:0,(anonymous_14)
FNDA:0,(anonymous_15)
FNDA:0,(anonymous_16)
FNDA:0,(anonymous_17)
FNDA:0,(anonymous_18)
FNDA:0,(anonymous_19)
FNDA:0,(anonymous_20)
FNDA:0,(anonymous_21)
FNDA:0,(anonymous_22)
FNDA:0,(anonymous_23)
FNDA:0,(anonymous_24)
FNDA:0,(anonymous_25)
FNDA:0,(anonymous_26)
FNDA:0,(anonymous_27)
FNDA:0,(anonymous_28)
FNDA:0,(anonymous_29)
FNDA:0,(anonymous_30)
FNDA:0,(anonymous_31)
FNDA:0,(anonymous_32)
FNDA:0,(anonymous_33)
FNDA:0,(anonymous_34)
FNDA:0,(anonymous_35)
FNDA:0,(anonymous_36)
FNDA:0,(anonymous_37)
DA:38,0
DA:39,0
DA:40,0
DA:41,0
DA:42,0
DA:46,0
DA:49,0
DA:52,0
DA:53,0
DA:56,0
DA:57,0
DA:59,0
DA:62,0
DA:63,0
DA:72,0
DA:83,0
DA:91,0
DA:92,0
DA:102,0
DA:113,0
DA:116,0
DA:117,0
DA:129,0
DA:130,0
DA:133,0
DA:134,0
DA:135,0
DA:138,0
DA:139,0
DA:140,0
DA:142,0
DA:149,0
DA:160,0
DA:161,0
DA:162,0
DA:163,0
DA:165,0
DA:168,0
DA:170,0
DA:176,0
DA:177,0
DA:178,0
DA:180,0
DA:189,0
DA:191,0
DA:199,0
DA:200,0
DA:202,0
DA:212,0
DA:213,0
DA:216,0
DA:217,0
DA:218,0
DA:220,0
DA:221,0
DA:225,0
DA:226,0
DA:227,0
DA:228,0
DA:231,0
DA:232,0
DA:233,0
DA:235,0
DA:238,0
DA:239,0
DA:240,0
DA:242,0
DA:243,0
DA:245,0
DA:246,0
DA:248,0
DA:249,0
DA:252,0
DA:273,0
DA:274,0
DA:276,0
DA:278,0
DA:279,0
DA:280,0
DA:283,0
DA:292,0
DA:304,0
DA:307,0
DA:308,0
DA:314,0
DA:316,0
DA:321,0
DA:326,0
DA:332,0
DA:335,0
DA:336,0
DA:337,0
DA:338,0
DA:340,0
DA:343,0
DA:348,0
DA:351,0
DA:352,0
DA:354,0
DA:355,0
DA:356,0
DA:364,0
LF:102
LH:0
BRDA:49,0,0,0
BRDA:49,0,1,0
BRDA:52,1,0,0
BRDA:52,1,1,0
BRDA:56,2,0,0
BRDA:62,3,0,0
BRDA:91,4,0,0
BRDA:104,5,0,0
BRDA:104,5,1,0
BRDA:105,6,0,0
BRDA:105,6,1,0
BRDA:116,7,0,0
BRDA:134,8,0,0
BRDA:134,8,1,0
BRDA:135,9,0,0
BRDA:135,9,1,0
BRDA:140,10,0,0
BRDA:140,10,1,0
BRDA:167,11,0,0
BRDA:167,11,1,0
BRDA:181,12,0,0
BRDA:181,12,1,0
BRDA:182,13,0,0
BRDA:182,13,1,0
BRDA:198,14,0,0
BRDA:206,15,0,0
BRDA:220,16,0,0
BRDA:220,16,1,0
BRDA:228,17,0,0
BRDA:228,17,1,0
BRDA:232,18,0,0
BRDA:232,18,1,0
BRDA:239,19,0,0
BRDA:242,20,0,0
BRDA:242,21,0,0
BRDA:242,21,1,0
BRDA:245,22,0,0
BRDA:248,23,0,0
BRDA:272,24,0,0
BRDA:279,25,0,0
BRDA:309,26,0,0
BRDA:309,26,1,0
BRDA:310,27,0,0
BRDA:310,27,1,0
BRDA:317,28,0,0
BRDA:317,28,1,0
BRDA:322,29,0,0
BRDA:322,29,1,0
BRDA:322,30,0,0
BRDA:322,30,1,0
BRDA:323,31,0,0
BRDA:323,31,1,0
BRDA:327,32,0,0
BRDA:327,32,1,0
BRDA:327,33,0,0
BRDA:327,33,1,0
BRDA:335,34,0,0
BRDA:335,34,1,0
BRDA:337,35,0,0
BRDA:337,35,1,0
BRDA:358,36,0,0
BRDA:358,36,1,0
BRF:62
BRH:0
end_of_record
TN:
SF:src\services\redisService.ts
FN:4,(anonymous_0)
FN:8,(anonymous_1)
FN:15,(anonymous_2)
FN:25,(anonymous_3)
FN:30,(anonymous_4)
FN:35,(anonymous_5)
FN:47,(anonymous_6)
FN:55,(anonymous_7)
FN:60,(anonymous_8)
FN:72,(anonymous_9)
FN:84,(anonymous_10)
FN:97,(anonymous_11)
FN:114,(anonymous_12)
FN:126,(anonymous_13)
FN:138,(anonymous_14)
FN:151,(anonymous_15)
FN:174,(anonymous_16)
FN:191,(anonymous_17)
FN:222,(anonymous_18)
FN:235,(anonymous_19)
FN:259,(anonymous_20)
FN:260,(anonymous_21)
FN:261,(anonymous_22)
FN:262,(anonymous_23)
FN:263,(anonymous_24)
FN:264,(anonymous_25)
FN:265,(anonymous_26)
FN:266,(anonymous_27)
FN:267,(anonymous_28)
FN:268,(anonymous_29)
FN:269,(anonymous_30)
FNF:31
FNH:0
FNDA:0,(anonymous_0)
FNDA:0,(anonymous_1)
FNDA:0,(anonymous_2)
FNDA:0,(anonymous_3)
FNDA:0,(anonymous_4)
FNDA:0,(anonymous_5)
FNDA:0,(anonymous_6)
FNDA:0,(anonymous_7)
FNDA:0,(anonymous_8)
FNDA:0,(anonymous_9)
FNDA:0,(anonymous_10)
FNDA:0,(anonymous_11)
FNDA:0,(anonymous_12)
FNDA:0,(anonymous_13)
FNDA:0,(anonymous_14)
FNDA:0,(anonymous_15)
FNDA:0,(anonymous_16)
FNDA:0,(anonymous_17)
FNDA:0,(anonymous_18)
FNDA:0,(anonymous_19)
FNDA:0,(anonymous_20)
FNDA:0,(anonymous_21)
FNDA:0,(anonymous_22)
FNDA:0,(anonymous_23)
FNDA:0,(anonymous_24)
FNDA:0,(anonymous_25)
FNDA:0,(anonymous_26)
FNDA:0,(anonymous_27)
FNDA:0,(anonymous_28)
FNDA:0,(anonymous_29)
FNDA:0,(anonymous_30)
DA:5,0
DA:6,0
DA:9,0
DA:10,0
DA:12,0
DA:16,0
DA:17,0
DA:18,0
DA:20,0
DA:25,0
DA:26,0
DA:27,0
DA:30,0
DA:31,0
DA:32,0
DA:35,0
DA:36,0
DA:37,0
DA:40,0
DA:42,0
DA:43,0
DA:48,0
DA:49,0
DA:50,0
DA:51,0
DA:56,0
DA:61,0
DA:63,0
DA:64,0
DA:65,0
DA:67,0
DA:68,0
DA:73,0
DA:75,0
DA:76,0
DA:77,0
DA:79,0
DA:80,0
DA:85,0
DA:87,0
DA:88,0
DA:89,0
DA:91,0
DA:92,0
DA:98,0
DA:100,0
DA:101,0
DA:102,0
DA:103,0
DA:105,0
DA:107,0
DA:109,0
DA:110,0
DA:115,0
DA:117,0
DA:118,0
DA:119,0
DA:121,0
DA:122,0
DA:127,0
DA:129,0
DA:130,0
DA:131,0
DA:133,0
DA:134,0
DA:139,0
DA:141,0
DA:142,0
DA:143,0
DA:145,0
DA:146,0
DA:157,0
DA:158,0
DA:159,0
DA:163,0
DA:164,0
DA:165,0
DA:166,0
DA:168,0
DA:169,0
DA:175,0
DA:177,0
DA:178,0
DA:179,0
DA:180,0
DA:181,0
DA:183,0
DA:185,0
DA:186,0
DA:196,0
DA:197,0
DA:200,0
DA:201,0
DA:203,0
DA:204,0
DA:207,0
DA:208,0
DA:210,0
DA:216,0
DA:217,0
DA:223,0
DA:225,0
DA:226,0
DA:227,0
DA:229,0
DA:230,0
DA:236,0
DA:238,0
DA:239,0
DA:240,0
DA:242,0
DA:248,0
DA:249,0
DA:255,0
DA:258,0
DA:259,0
DA:260,0
DA:261,0
DA:262,0
DA:263,0
DA:264,0
DA:265,0
DA:266,0
DA:267,0
DA:268,0
DA:269,0
DA:273,0
LF:127
LH:0
BRDA:10,0,0,0
BRDA:10,0,1,0
BRDA:16,1,0,0
BRDA:48,2,0,0
BRDA:56,3,0,0
BRDA:56,3,1,0
BRDA:60,4,0,0
BRDA:61,5,0,0
BRDA:73,6,0,0
BRDA:77,7,0,0
BRDA:77,7,1,0
BRDA:85,8,0,0
BRDA:98,9,0,0
BRDA:102,10,0,0
BRDA:102,10,1,0
BRDA:115,11,0,0
BRDA:119,12,0,0
BRDA:119,12,1,0
BRDA:127,13,0,0
BRDA:139,14,0,0
BRDA:154,15,0,0
BRDA:158,16,0,0
BRDA:175,17,0,0
BRDA:179,18,0,0
BRDA:196,19,0,0
BRDA:203,20,0,0
BRDA:223,21,0,0
BRDA:236,22,0,0
BRF:28
BRH:0
end_of_record
TN:
SF:src\services\reportGenerationService.ts
FN:62,(anonymous_1)
FN:69,(anonymous_2)
FN:89,(anonymous_3)
FN:150,(anonymous_4)
FN:159,(anonymous_5)
FN:179,(anonymous_6)
FN:181,(anonymous_7)
FN:184,(anonymous_8)
FN:191,(anonymous_9)
FN:193,(anonymous_10)
FN:196,(anonymous_11)
FN:212,(anonymous_12)
FNF:12
FNH:2
FNDA:18,(anonymous_1)
FNDA:0,(anonymous_2)
FNDA:0,(anonymous_3)
FNDA:0,(anonymous_4)
FNDA:0,(anonymous_5)
FNDA:0,(anonymous_6)
FNDA:0,(anonymous_7)
FNDA:0,(anonymous_8)
FNDA:0,(anonymous_9)
FNDA:0,(anonymous_10)
FNDA:0,(anonymous_11)
FNDA:18,(anonymous_12)
DA:1,1
DA:2,1
DA:3,1
DA:5,1
DA:59,1
DA:63,18
DA:71,0
DA:74,0
DA:77,0
DA:80,0
DA:83,0
DA:90,0
DA:119,0
DA:120,0
DA:123,0
DA:150,0
DA:159,0
DA:180,0
DA:181,0
DA:184,0
DA:191,0
DA:192,0
DA:193,0
DA:196,0
DA:203,0
DA:213,18
DA:215,18
DA:217,18
DA:239,17
DA:242,16
DA:243,16
DA:246,16
DA:252,14
DA:254,14
DA:266,13
DA:268,5
DA:269,5
DA:271,18
DA:272,17
DA:273,17
DA:275,1
LF:41
LH:22
BRDA:69,0,0,0
BRDA:119,1,0,0
BRDA:191,2,0,0
BRDA:191,2,1,0
BRDA:192,3,0,0
BRDA:192,3,1,0
BRDA:205,4,0,0
BRDA:205,4,1,0
BRDA:271,5,0,17
BRF:9
BRH:1
end_of_record
TN:
SF:src\services\reportService.ts
FN:34,(anonymous_0)
FN:63,(anonymous_1)
FN:81,(anonymous_2)
FN:103,(anonymous_3)
FN:122,(anonymous_4)
FN:142,(anonymous_5)
FN:165,(anonymous_6)
FN:182,(anonymous_7)
FN:212,(anonymous_8)
FN:243,(anonymous_9)
FN:273,(anonymous_10)
FN:312,(anonymous_11)
FN:361,(anonymous_12)
FN:437,(anonymous_13)
FN:498,(anonymous_14)
FN:517,(anonymous_15)
FN:518,(anonymous_16)
FN:518,(anonymous_17)
FN:523,(anonymous_18)
FN:531,(anonymous_19)
FN:536,(anonymous_20)
FN:537,(anonymous_21)
FN:538,(anonymous_22)
FN:555,(anonymous_23)
FN:556,(anonymous_24)
FN:557,(anonymous_25)
FN:558,(anonymous_26)
FN:562,(anonymous_27)
FN:569,(anonymous_28)
FN:575,(anonymous_29)
FNF:30
FNH:0
FNDA:0,(anonymous_0)
FNDA:0,(anonymous_1)
FNDA:0,(anonymous_2)
FNDA:0,(anonymous_3)
FNDA:0,(anonymous_4)
FNDA:0,(anonymous_5)
FNDA:0,(anonymous_6)
FNDA:0,(anonymous_7)
FNDA:0,(anonymous_8)
FNDA:0,(anonymous_9)
FNDA:0,(anonymous_10)
FNDA:0,(anonymous_11)
FNDA:0,(anonymous_12)
FNDA:0,(anonymous_13)
FNDA:0,(anonymous_14)
FNDA:0,(anonymous_15)
FNDA:0,(anonymous_16)
FNDA:0,(anonymous_17)
FNDA:0,(anonymous_18)
FNDA:0,(anonymous_19)
FNDA:0,(anonymous_20)
FNDA:0,(anonymous_21)
FNDA:0,(anonymous_22)
FNDA:0,(anonymous_23)
FNDA:0,(anonymous_24)
FNDA:0,(anonymous_25)
FNDA:0,(anonymous_26)
FNDA:0,(anonymous_27)
FNDA:0,(anonymous_28)
FNDA:0,(anonymous_29)
DA:41,0
DA:52,0
DA:60,0
DA:64,0
DA:72,0
DA:78,0
DA:83,0
DA:88,0
DA:89,0
DA:92,0
DA:96,0
DA:105,0
DA:116,0
DA:122,0
DA:123,0
DA:124,0
DA:128,0
DA:129,0
DA:131,0
DA:142,0
DA:148,0
DA:165,0
DA:174,0
DA:183,0
DA:209,0
DA:213,0
DA:240,0
DA:244,0
DA:270,0
DA:275,0
DA:280,0
DA:281,0
DA:285,0
DA:286,0
DA:289,0
DA:290,0
DA:293,0
DA:301,0
DA:309,0
DA:315,0
DA:327,0
DA:328,0
DA:332,0
DA:345,0
DA:346,0
DA:358,0
DA:363,0
DA:389,0
DA:390,0
DA:393,0
DA:394,0
DA:398,0
DA:401,0
DA:404,0
DA:413,0
DA:420,0
DA:428,0
DA:434,0
DA:439,0
DA:465,0
DA:466,0
DA:470,0
DA:473,0
DA:476,0
DA:485,0
DA:490,0
DA:495,0
DA:499,0
DA:500,0
DA:517,0
DA:518,0
DA:520,0
DA:523,0
DA:528,0
DA:531,0
DA:536,0
DA:537,0
DA:538,0
DA:539,0
DA:540,0
DA:541,0
DA:543,0
DA:556,0
DA:557,0
DA:558,0
DA:559,0
DA:567,0
DA:569,0
DA:576,0
DA:581,0
DA:582,0
DA:585,0
DA:586,0
DA:590,0
LF:94
LH:0
BRDA:88,0,0,0
BRDA:182,1,0,0
BRDA:280,2,0,0
BRDA:285,3,0,0
BRDA:289,4,0,0
BRDA:289,5,0,0
BRDA:289,5,1,0
BRDA:327,6,0,0
BRDA:345,7,0,0
BRDA:389,8,0,0
BRDA:393,9,0,0
BRDA:465,10,0,0
BRDA:499,11,0,0
BRDA:528,12,0,0
BRDA:528,12,1,0
BRDA:569,13,0,0
BRDA:569,13,1,0
BRDA:581,14,0,0
BRF:18
BRH:0
end_of_record
TN:
SF:src\services\templateService.ts
FN:9,(anonymous_1)
FN:17,(anonymous_2)
FN:19,(anonymous_3)
FN:24,(anonymous_4)
FN:29,(anonymous_5)
FN:34,(anonymous_6)
FN:39,(anonymous_7)
FN:47,(anonymous_8)
FN:55,(anonymous_9)
FN:57,(anonymous_10)
FN:71,(anonymous_11)
FN:84,(anonymous_12)
FN:105,(anonymous_13)
FN:112,(anonymous_14)
FNF:14
FNH:5
FNDA:18,(anonymous_1)
FNDA:18,(anonymous_2)
FNDA:0,(anonymous_3)
FNDA:0,(anonymous_4)
FNDA:0,(anonymous_5)
FNDA:0,(anonymous_6)
FNDA:0,(anonymous_7)
FNDA:18,(anonymous_8)
FNDA:72,(anonymous_9)
FNDA:54,(anonymous_10)
FNDA:0,(anonymous_11)
FNDA:0,(anonymous_12)
FNDA:0,(anonymous_13)
FNDA:0,(anonymous_14)
DA:1,1
DA:2,1
DA:3,1
DA:6,1
DA:7,18
DA:10,18
DA:11,18
DA:19,18
DA:20,0
DA:24,18
DA:25,0
DA:29,18
DA:30,0
DA:34,18
DA:35,0
DA:39,18
DA:40,0
DA:48,18
DA:50,18
DA:51,0
DA:54,18
DA:55,72
DA:57,18
DA:58,54
DA:59,54
DA:60,54
DA:62,54
DA:65,18
DA:72,0
DA:74,0
DA:75,0
DA:78,0
DA:89,0
DA:91,0
DA:106,0
DA:113,0
DA:114,0
LF:37
LH:22
BRDA:29,0,0,0
BRDA:40,1,0,0
BRDA:40,1,1,0
BRDA:50,2,0,0
BRDA:74,3,0,0
BRF:5
BRH:0
end_of_record
TN:
SF:src\services\validationService.ts
FN:38,(anonymous_0)
FN:55,(anonymous_1)
FN:58,(anonymous_2)
FN:64,(anonymous_3)
FN:65,(anonymous_4)
FN:70,(anonymous_5)
FN:75,(anonymous_6)
FN:76,(anonymous_7)
FN:77,(anonymous_8)
FN:113,(anonymous_9)
FN:151,(anonymous_10)
FN:168,(anonymous_11)
FN:195,(anonymous_12)
FN:207,(anonymous_13)
FN:211,(anonymous_14)
FN:212,(anonymous_15)
FN:223,(anonymous_16)
FN:277,(anonymous_17)
FNF:18
FNH:0
FNDA:0,(anonymous_0)
FNDA:0,(anonymous_1)
FNDA:0,(anonymous_2)
FNDA:0,(anonymous_3)
FNDA:0,(anonymous_4)
FNDA:0,(anonymous_5)
FNDA:0,(anonymous_6)
FNDA:0,(anonymous_7)
FNDA:0,(anonymous_8)
FNDA:0,(anonymous_9)
FNDA:0,(anonymous_10)
FNDA:0,(anonymous_11)
FNDA:0,(anonymous_12)
FNDA:0,(anonymous_13)
FNDA:0,(anonymous_14)
FNDA:0,(anonymous_15)
FNDA:0,(anonymous_16)
FNDA:0,(anonymous_17)
DA:43,0
DA:50,0
DA:51,0
DA:55,0
DA:56,0
DA:57,0
DA:58,0
DA:62,0
DA:63,0
DA:64,0
DA:65,0
DA:67,0
DA:68,0
DA:69,0
DA:70,0
DA:75,0
DA:76,0
DA:77,0
DA:78,0
DA:81,0
DA:82,0
DA:83,0
DA:84,0
DA:86,0
DA:114,0
DA:124,0
DA:125,0
DA:126,0
DA:127,0
DA:130,0
DA:152,0
DA:168,0
DA:169,0
DA:170,0
DA:171,0
DA:178,0
DA:189,0
DA:192,0
DA:196,0
DA:197,0
DA:205,0
DA:206,0
DA:207,0
DA:208,0
DA:211,0
DA:212,0
DA:213,0
DA:215,0
DA:233,0
DA:236,0
DA:239,0
DA:256,0
DA:265,0
DA:274,0
DA:278,0
DA:283,0
DA:289,0
DA:293,0
LF:58
LH:0
BRDA:50,0,0,0
BRDA:58,1,0,0
BRDA:58,1,1,0
BRDA:67,2,0,0
BRDA:67,3,0,0
BRDA:67,3,1,0
BRDA:67,3,2,0
BRDA:70,4,0,0
BRDA:70,4,1,0
BRDA:81,5,0,0
BRDA:81,5,1,0
BRDA:84,6,0,0
BRDA:84,6,1,0
BRDA:98,7,0,0
BRDA:98,7,1,0
BRDA:124,8,0,0
BRDA:124,9,0,0
BRDA:124,9,1,0
BRDA:126,10,0,0
BRDA:127,11,0,0
BRDA:170,12,0,0
BRDA:182,13,0,0
BRDA:182,13,1,0
BRDA:184,14,0,0
BRDA:184,14,1,0
BRDA:184,14,2,0
BRDA:184,14,3,0
BRDA:184,14,4,0
BRDA:196,15,0,0
BRDA:245,16,0,0
BRDA:245,16,1,0
BRDA:248,17,0,0
BRDA:248,17,1,0
BRDA:249,18,0,0
BRDA:249,18,1,0
BRF:35
BRH:0
end_of_record
TN:
SF:src\utils\logger.ts
FN:8,(anonymous_0)
FN:20,(anonymous_1)
FN:23,(anonymous_2)
FN:136,(anonymous_3)
FN:149,(anonymous_4)
FN:157,(anonymous_5)
FN:165,(anonymous_6)
FN:174,(anonymous_7)
FN:178,(anonymous_8)
FN:182,(anonymous_9)
FN:186,(anonymous_10)
FNF:11
FNH:0
FNDA:0,(anonymous_0)
FNDA:0,(anonymous_1)
FNDA:0,(anonymous_2)
FNDA:0,(anonymous_3)
FNDA:0,(anonymous_4)
FNDA:0,(anonymous_5)
FNDA:0,(anonymous_6)
FNDA:0,(anonymous_7)
FNDA:0,(anonymous_8)
FNDA:0,(anonymous_9)
FNDA:0,(anonymous_10)
DA:5,0
DA:8,0
DA:9,0
DA:16,0
DA:20,0
DA:21,0
DA:23,0
DA:24,0
DA:25,0
DA:27,0
DA:32,0
DA:35,0
DA:50,0
DA:80,0
DA:97,0
DA:114,0
DA:131,0
DA:132,0
DA:137,0
DA:138,0
DA:143,0
DA:144,0
DA:145,0
DA:149,0
DA:150,0
DA:157,0
DA:158,0
DA:165,0
DA:166,0
DA:174,0
DA:175,0
DA:178,0
DA:179,0
DA:182,0
DA:183,0
DA:186,0
DA:187,0
LF:37
LH:0
BRDA:36,0,0,0
BRDA:36,0,1,0
BRDA:44,1,0,0
BRDA:44,1,1,0
BRDA:45,2,0,0
BRDA:45,2,1,0
BRDA:131,3,0,0
BRDA:137,4,0,0
BRDA:137,4,1,0
BRF:9
BRH:0
end_of_record
