TN:
SF:src\controllers\clientController.ts
FN:27,(anonymous_0)
FN:28,(anonymous_1)
FN:35,(anonymous_2)
FN:101,(anonymous_3)
FN:157,(anonymous_4)
FN:237,(anonymous_5)
FN:356,(anonymous_6)
FNF:7
FNH:1
FNDA:0,(anonymous_0)
FNDA:0,(anonymous_1)
FNDA:0,(anonymous_2)
FNDA:0,(anonymous_3)
FNDA:3,(anonymous_4)
FNDA:0,(anonymous_5)
FNDA:0,(anonymous_6)
DA:2,2
DA:3,2
DA:4,2
DA:6,2
DA:7,2
DA:11,2
DA:24,2
DA:26,2
DA:27,0
DA:28,0
DA:34,2
DA:36,0
DA:37,0
DA:39,0
DA:42,0
DA:51,0
DA:69,0
DA:71,0
DA:86,0
DA:87,0
DA:91,0
DA:94,0
DA:95,0
DA:102,0
DA:103,0
DA:104,0
DA:106,0
DA:138,0
DA:139,0
DA:142,0
DA:145,0
DA:150,0
DA:151,0
DA:158,3
DA:159,3
DA:162,3
DA:176,3
DA:177,0
DA:181,0
DA:182,0
DA:185,0
DA:190,3
DA:191,3
DA:195,1
DA:196,0
DA:199,0
DA:203,1
DA:207,1
DA:209,1
DA:214,2
DA:215,0
DA:219,0
DA:222,2
DA:224,0
DA:225,0
DA:226,0
DA:227,0
DA:230,2
DA:231,2
DA:238,0
DA:239,0
DA:240,0
DA:241,0
DA:244,0
DA:248,0
DA:249,0
DA:252,0
DA:256,0
DA:257,0
DA:258,0
DA:260,0
DA:261,0
DA:263,0
DA:264,0
DA:266,0
DA:267,0
DA:269,0
DA:270,0
DA:272,0
DA:273,0
DA:275,0
DA:276,0
DA:278,0
DA:279,0
DA:281,0
DA:282,0
DA:284,0
DA:285,0
DA:289,0
DA:290,0
DA:297,0
DA:298,0
DA:301,0
DA:306,0
DA:307,0
DA:314,0
DA:315,0
DA:318,0
DA:322,0
DA:327,0
DA:329,0
DA:334,0
DA:335,0
DA:339,0
DA:342,0
DA:343,0
DA:344,0
DA:345,0
DA:346,0
DA:349,0
DA:350,0
DA:357,0
DA:358,0
DA:359,0
DA:362,0
DA:374,0
DA:375,0
DA:378,0
DA:382,0
DA:383,0
DA:390,0
DA:393,0
DA:397,0
DA:399,0
DA:404,0
DA:405,0
LF:126
LH:23
BRDA:27,0,0,0
BRDA:27,0,1,0
BRDA:28,1,0,0
BRDA:28,1,1,0
BRDA:42,2,0,0
BRDA:42,2,1,0
BRDA:86,3,0,0
BRDA:86,3,1,0
BRDA:94,4,0,0
BRDA:94,4,1,0
BRDA:104,5,0,0
BRDA:104,5,1,0
BRDA:138,6,0,0
BRDA:138,6,1,0
BRDA:150,7,0,0
BRDA:150,7,1,0
BRDA:164,8,0,3
BRDA:164,8,1,3
BRDA:165,9,0,3
BRDA:165,9,1,3
BRDA:166,10,0,3
BRDA:166,10,1,3
BRDA:167,11,0,3
BRDA:167,11,1,2
BRDA:168,12,0,3
BRDA:168,12,1,2
BRDA:169,13,0,3
BRDA:169,13,1,2
BRDA:170,14,0,3
BRDA:170,14,1,2
BRDA:171,15,0,3
BRDA:171,15,1,2
BRDA:172,16,0,3
BRDA:172,16,1,0
BRDA:176,17,0,0
BRDA:176,17,1,3
BRDA:181,18,0,0
BRDA:181,18,1,0
BRDA:190,19,0,3
BRDA:190,19,1,0
BRDA:195,20,0,0
BRDA:195,20,1,1
BRDA:214,21,0,0
BRDA:214,21,1,2
BRDA:222,22,0,0
BRDA:222,22,1,2
BRDA:222,23,0,2
BRDA:222,23,1,2
BRDA:224,24,0,0
BRDA:224,24,1,0
BRDA:224,24,2,0
BRDA:225,25,0,0
BRDA:225,25,1,0
BRDA:226,26,0,0
BRDA:226,26,1,0
BRDA:230,27,0,2
BRDA:230,27,1,0
BRDA:240,28,0,0
BRDA:240,28,1,0
BRDA:248,29,0,0
BRDA:248,29,1,0
BRDA:257,30,0,0
BRDA:257,30,1,0
BRDA:260,31,0,0
BRDA:260,31,1,0
BRDA:261,32,0,0
BRDA:261,32,1,0
BRDA:263,33,0,0
BRDA:263,33,1,0
BRDA:264,34,0,0
BRDA:264,34,1,0
BRDA:266,35,0,0
BRDA:266,35,1,0
BRDA:267,36,0,0
BRDA:267,36,1,0
BRDA:269,37,0,0
BRDA:269,37,1,0
BRDA:270,38,0,0
BRDA:270,38,1,0
BRDA:272,39,0,0
BRDA:272,39,1,0
BRDA:273,40,0,0
BRDA:273,40,1,0
BRDA:275,41,0,0
BRDA:275,41,1,0
BRDA:276,42,0,0
BRDA:276,42,1,0
BRDA:278,43,0,0
BRDA:278,43,1,0
BRDA:279,44,0,0
BRDA:279,44,1,0
BRDA:281,45,0,0
BRDA:281,45,1,0
BRDA:282,46,0,0
BRDA:282,46,1,0
BRDA:284,47,0,0
BRDA:284,47,1,0
BRDA:285,48,0,0
BRDA:285,48,1,0
BRDA:289,49,0,0
BRDA:289,49,1,0
BRDA:289,50,0,0
BRDA:289,50,1,0
BRDA:297,51,0,0
BRDA:297,51,1,0
BRDA:306,52,0,0
BRDA:306,52,1,0
BRDA:306,53,0,0
BRDA:306,53,1,0
BRDA:314,54,0,0
BRDA:314,54,1,0
BRDA:334,55,0,0
BRDA:334,55,1,0
BRDA:342,56,0,0
BRDA:342,56,1,0
BRDA:342,57,0,0
BRDA:342,57,1,0
BRDA:343,58,0,0
BRDA:343,58,1,0
BRDA:343,58,2,0
BRDA:344,59,0,0
BRDA:344,59,1,0
BRDA:345,60,0,0
BRDA:345,60,1,0
BRDA:349,61,0,0
BRDA:349,61,1,0
BRDA:359,62,0,0
BRDA:359,62,1,0
BRDA:374,63,0,0
BRDA:374,63,1,0
BRDA:382,64,0,0
BRDA:382,64,1,0
BRDA:382,65,0,0
BRDA:382,65,1,0
BRDA:404,66,0,0
BRDA:404,66,1,0
BRF:136
BRH:25
end_of_record
TN:
SF:src\controllers\templateEditorController.ts
FN:59,(anonymous_1)
FN:1640,(anonymous_2)
FN:1738,(anonymous_3)
FN:1739,(anonymous_4)
FN:1741,(anonymous_5)
FN:1797,(anonymous_6)
FN:1810,(anonymous_7)
FN:1815,(anonymous_8)
FN:1846,(anonymous_9)
FNF:9
FNH:9
FNDA:10,(anonymous_1)
FNDA:7,(anonymous_2)
FNDA:19,(anonymous_3)
FNDA:153,(anonymous_4)
FNDA:450,(anonymous_5)
FNDA:6,(anonymous_6)
FNDA:10,(anonymous_7)
FNDA:7,(anonymous_8)
FNDA:10,(anonymous_9)
DA:2,2
DA:3,2
DA:4,2
DA:6,2
DA:55,2
DA:60,10
DA:61,10
DA:1624,10
DA:1625,10
DA:1628,1
DA:1629,1
DA:1641,7
DA:1642,7
DA:1644,7
DA:1645,2
DA:1652,5
DA:1654,4
DA:1656,4
DA:1658,4
DA:1659,4
DA:1660,4
DA:1662,0
DA:1664,4
DA:1667,4
DA:1721,4
DA:1722,4
DA:1726,1
DA:1727,1
DA:1739,19
DA:1740,153
DA:1741,450
DA:1744,153
DA:1746,117
DA:1748,14
DA:1750,14
DA:1752,2
DA:1754,2
DA:1756,2
DA:1758,2
DA:1760,0
DA:1764,19
DA:1798,6
DA:1799,6
DA:1800,6
DA:1802,6
DA:1803,2
DA:1804,2
DA:1810,4
DA:1811,10
DA:1814,3
DA:1815,7
DA:1827,3
DA:1834,1
DA:1835,1
DA:1847,10
DA:1848,10
DA:1850,10
DA:1851,2
DA:1858,8
DA:1859,8
DA:1860,3
DA:1864,7
DA:1865,7
DA:1866,7
DA:1868,7
DA:1871,5
DA:1872,5
DA:1875,5
DA:1876,5
DA:1878,0
DA:1881,5
DA:1893,3
DA:1894,3
LF:73
LH:70
BRDA:1632,0,0,1
BRDA:1632,0,1,0
BRDA:1644,1,0,2
BRDA:1644,1,1,5
BRDA:1644,2,0,7
BRDA:1644,2,1,6
BRDA:1730,3,0,1
BRDA:1730,3,1,0
BRDA:1744,4,0,117
BRDA:1744,4,1,14
BRDA:1744,4,2,14
BRDA:1744,4,3,2
BRDA:1744,4,4,2
BRDA:1744,4,5,2
BRDA:1744,4,6,2
BRDA:1744,4,7,0
BRDA:1773,5,0,19
BRDA:1773,5,1,0
BRDA:1774,6,0,19
BRDA:1774,6,1,0
BRDA:1775,7,0,19
BRDA:1775,7,1,0
BRDA:1775,8,0,19
BRDA:1775,8,1,0
BRDA:1775,9,0,19
BRDA:1775,9,1,0
BRDA:1775,10,0,19
BRDA:1775,10,1,0
BRDA:1782,11,0,19
BRDA:1782,11,1,0
BRDA:1783,12,0,19
BRDA:1783,12,1,0
BRDA:1783,13,0,19
BRDA:1783,13,1,0
BRDA:1783,14,0,19
BRDA:1783,14,1,0
BRDA:1783,15,0,19
BRDA:1783,15,1,0
BRDA:1802,16,0,2
BRDA:1802,16,1,4
BRDA:1811,17,0,10
BRDA:1811,17,1,5
BRDA:1811,17,2,4
BRDA:1838,18,0,1
BRDA:1838,18,1,0
BRDA:1850,19,0,2
BRDA:1850,19,1,8
BRDA:1850,20,0,10
BRDA:1850,20,1,10
BRDA:1859,21,0,3
BRDA:1859,21,1,5
BRDA:1897,22,0,3
BRDA:1897,22,1,0
BRF:53
BRH:37
end_of_record
TN:
SF:src\lib\prisma.ts
FNF:0
FNH:0
DA:1,2
DA:3,2
DA:7,2
DA:11,2
LF:4
LH:4
BRDA:7,0,0,2
BRDA:7,0,1,2
BRDA:8,1,0,0
BRDA:8,1,1,2
BRDA:11,2,0,2
BRDA:11,2,1,0
BRF:6
BRH:4
end_of_record
TN:
SF:src\services\reportGenerationService.ts
FN:62,(anonymous_1)
FN:69,(anonymous_2)
FN:89,(anonymous_3)
FN:150,(anonymous_4)
FN:159,(anonymous_5)
FN:179,(anonymous_6)
FN:181,(anonymous_7)
FN:184,(anonymous_8)
FN:191,(anonymous_9)
FN:193,(anonymous_10)
FN:196,(anonymous_11)
FN:212,(anonymous_12)
FNF:12
FNH:2
FNDA:18,(anonymous_1)
FNDA:0,(anonymous_2)
FNDA:0,(anonymous_3)
FNDA:0,(anonymous_4)
FNDA:0,(anonymous_5)
FNDA:0,(anonymous_6)
FNDA:0,(anonymous_7)
FNDA:0,(anonymous_8)
FNDA:0,(anonymous_9)
FNDA:0,(anonymous_10)
FNDA:0,(anonymous_11)
FNDA:18,(anonymous_12)
DA:1,1
DA:2,1
DA:3,1
DA:5,1
DA:59,1
DA:63,18
DA:71,0
DA:74,0
DA:77,0
DA:80,0
DA:83,0
DA:90,0
DA:119,0
DA:120,0
DA:123,0
DA:150,0
DA:159,0
DA:180,0
DA:181,0
DA:184,0
DA:191,0
DA:192,0
DA:193,0
DA:196,0
DA:203,0
DA:213,18
DA:215,18
DA:217,18
DA:239,17
DA:242,16
DA:243,16
DA:246,16
DA:252,14
DA:254,14
DA:266,13
DA:268,5
DA:269,5
DA:270,5
DA:272,18
DA:273,17
DA:274,17
DA:276,1
LF:42
LH:23
BRDA:69,0,0,0
BRDA:119,1,0,0
BRDA:119,1,1,0
BRDA:191,2,0,0
BRDA:191,2,1,0
BRDA:192,3,0,0
BRDA:192,3,1,0
BRDA:205,4,0,0
BRDA:205,4,1,0
BRDA:268,5,0,5
BRDA:268,5,1,0
BRDA:272,6,0,17
BRDA:272,6,1,1
BRF:13
BRH:3
end_of_record
TN:
SF:src\services\templateService.ts
FN:9,(anonymous_1)
FN:17,(anonymous_2)
FN:19,(anonymous_3)
FN:24,(anonymous_4)
FN:29,(anonymous_5)
FN:34,(anonymous_6)
FN:39,(anonymous_7)
FN:47,(anonymous_8)
FN:55,(anonymous_9)
FN:57,(anonymous_10)
FN:71,(anonymous_11)
FN:84,(anonymous_12)
FN:105,(anonymous_13)
FN:112,(anonymous_14)
FNF:14
FNH:5
FNDA:18,(anonymous_1)
FNDA:18,(anonymous_2)
FNDA:0,(anonymous_3)
FNDA:0,(anonymous_4)
FNDA:0,(anonymous_5)
FNDA:0,(anonymous_6)
FNDA:0,(anonymous_7)
FNDA:18,(anonymous_8)
FNDA:72,(anonymous_9)
FNDA:54,(anonymous_10)
FNDA:0,(anonymous_11)
FNDA:0,(anonymous_12)
FNDA:0,(anonymous_13)
FNDA:0,(anonymous_14)
DA:1,1
DA:2,1
DA:3,1
DA:6,1
DA:7,18
DA:10,18
DA:11,18
DA:19,18
DA:20,0
DA:24,18
DA:25,0
DA:29,18
DA:30,0
DA:34,18
DA:35,0
DA:39,18
DA:40,0
DA:48,18
DA:50,18
DA:51,0
DA:54,18
DA:55,72
DA:57,18
DA:58,54
DA:59,54
DA:60,54
DA:62,54
DA:65,18
DA:72,0
DA:74,0
DA:75,0
DA:78,0
DA:89,0
DA:91,0
DA:106,0
DA:113,0
DA:114,0
LF:37
LH:22
BRDA:29,0,0,0
BRDA:40,1,0,0
BRDA:40,1,1,0
BRDA:50,2,0,0
BRDA:50,2,1,18
BRDA:74,3,0,0
BRDA:74,3,1,0
BRF:7
BRH:1
end_of_record
